<?xml version="1.0" encoding="UTF-8"?>
<coverage generated="1787939904031" clover="3.2.0">
  <project timestamp="1787939904031" name="All files">
    <metrics statements="977" coveredstatements="888" conditionals="1009" coveredconditionals="696" methods="317" coveredmethods="296" elements="2303" coveredelements="1880" complexity="0" loc="977" ncloc="977" packages="19" files="46" classes="46"/>
    <package name="src">
      <metrics statements="22" coveredstatements="22" conditionals="0" coveredconditionals="0" methods="6" coveredmethods="6"/>
      <file name="app.ts" path="/Users/sebastiengagne/Apps/dwmc-api/src/app.ts">
        <metrics statements="22" coveredstatements="22" conditionals="0" coveredconditionals="0" methods="6" coveredmethods="6"/>
        <line num="20" count="22" type="stmt"/>
        <line num="24" count="22" type="stmt"/>
        <line num="28" count="12" type="stmt"/>
        <line num="31" count="22" type="stmt"/>
        <line num="32" count="22" type="stmt"/>
        <line num="40" count="22" type="stmt"/>
        <line num="44" count="22" type="stmt"/>
        <line num="49" count="22" type="stmt"/>
        <line num="50" count="6" type="stmt"/>
        <line num="57" count="22" type="stmt"/>
        <line num="58" count="4" type="stmt"/>
        <line num="59" count="4" type="stmt"/>
        <line num="60" count="2" type="stmt"/>
        <line num="62" count="2" type="stmt"/>
        <line num="68" count="22" type="stmt"/>
        <line num="69" count="22" type="stmt"/>
        <line num="70" count="22" type="stmt"/>
        <line num="71" count="22" type="stmt"/>
        <line num="72" count="22" type="stmt"/>
        <line num="73" count="22" type="stmt"/>
        <line num="74" count="22" type="stmt"/>
        <line num="75" count="22" type="stmt"/>
      </file>
    </package>
    <package name="src.config">
      <metrics statements="6" coveredstatements="4" conditionals="2" coveredconditionals="1" methods="0" coveredmethods="0"/>
      <file name="env.ts" path="/Users/sebastiengagne/Apps/dwmc-api/src/config/env.ts">
        <metrics statements="6" coveredstatements="4" conditionals="2" coveredconditionals="1" methods="0" coveredmethods="0"/>
        <line num="4" count="22" type="stmt"/>
        <line num="13" count="22" type="stmt"/>
        <line num="15" count="22" type="cond" truecount="1" falsecount="1"/>
        <line num="17" count="0" type="stmt"/>
        <line num="18" count="0" type="stmt"/>
        <line num="21" count="22" type="stmt"/>
      </file>
    </package>
    <package name="src.db">
      <metrics statements="4" coveredstatements="4" conditionals="6" coveredconditionals="5" methods="0" coveredmethods="0"/>
      <file name="prisma.ts" path="/Users/sebastiengagne/Apps/dwmc-api/src/db/prisma.ts">
        <metrics statements="4" coveredstatements="4" conditionals="6" coveredconditionals="5" methods="0" coveredmethods="0"/>
        <line num="5" count="4" type="stmt"/>
        <line num="7" count="4" type="cond" truecount="4" falsecount="0"/>
        <line num="9" count="4" type="cond" truecount="1" falsecount="1"/>
        <line num="10" count="4" type="stmt"/>
      </file>
    </package>
    <package name="src.lib">
      <metrics statements="1" coveredstatements="1" conditionals="0" coveredconditionals="0" methods="0" coveredmethods="0"/>
      <file name="supabase.ts" path="/Users/sebastiengagne/Apps/dwmc-api/src/lib/supabase.ts">
        <metrics statements="1" coveredstatements="1" conditionals="0" coveredconditionals="0" methods="0" coveredmethods="0"/>
        <line num="11" count="6" type="stmt"/>
      </file>
    </package>
    <package name="src.modules.accounts">
      <metrics statements="131" coveredstatements="122" conditionals="152" coveredconditionals="114" methods="50" coveredmethods="50"/>
      <file name="account-balance.repository.ts" path="/Users/sebastiengagne/Apps/dwmc-api/src/modules/accounts/account-balance.repository.ts">
        <metrics statements="3" coveredstatements="3" conditionals="2" coveredconditionals="2" methods="2" coveredmethods="2"/>
        <line num="3" count="22" type="stmt"/>
        <line num="7" count="84" type="cond" truecount="2" falsecount="0"/>
        <line num="9" count="82" type="stmt"/>
      </file>
      <file name="account-balance.service.ts" path="/Users/sebastiengagne/Apps/dwmc-api/src/modules/accounts/account-balance.service.ts">
        <metrics statements="18" coveredstatements="18" conditionals="46" coveredconditionals="42" methods="9" coveredmethods="9"/>
        <line num="7" count="22" type="stmt"/>
        <line num="11" count="84" type="stmt"/>
        <line num="13" count="84" type="stmt"/>
        <line num="15" count="84" type="stmt"/>
        <line num="17" count="84" type="stmt"/>
        <line num="18" count="334" type="cond" truecount="4" falsecount="0"/>
        <line num="21" count="84" type="stmt"/>
        <line num="22" count="330" type="cond" truecount="2" falsecount="2"/>
        <line num="23" count="330" type="cond" truecount="6" falsecount="0"/>
        <line num="24" count="330" type="cond" truecount="6" falsecount="0"/>
        <line num="25" count="330" type="cond" truecount="6" falsecount="0"/>
        <line num="26" count="330" type="cond" truecount="6" falsecount="0"/>
        <line num="27" count="330" type="cond" truecount="6" falsecount="0"/>
        <line num="30" count="84" type="stmt"/>
        <line num="31" count="84" type="stmt"/>
        <line num="38" count="22" type="stmt"/>
        <line num="43" count="74" type="stmt"/>
        <line num="46" count="74" type="cond" truecount="2" falsecount="2"/>
      </file>
      <file name="account.repository.ts" path="/Users/sebastiengagne/Apps/dwmc-api/src/modules/accounts/account.repository.ts">
        <metrics statements="20" coveredstatements="14" conditionals="24" coveredconditionals="12" methods="12" coveredmethods="12"/>
        <line num="4" count="22" type="stmt"/>
        <line num="8" count="10" type="stmt"/>
        <line num="18" count="22" type="stmt"/>
        <line num="19" count="52" type="stmt"/>
        <line num="24" count="22" type="stmt"/>
        <line num="35" count="44" type="stmt"/>
        <line num="48" count="22" type="stmt"/>
        <line num="53" count="2" type="stmt"/>
        <line num="54" count="2" type="stmt"/>
        <line num="59" count="0" type="cond" truecount="0" falsecount="6"/>
        <line num="60" count="0" type="stmt"/>
        <line num="62" count="0" type="stmt"/>
        <line num="66" count="22" type="stmt"/>
        <line num="67" count="6" type="stmt"/>
        <line num="68" count="6" type="stmt"/>
        <line num="73" count="0" type="cond" truecount="0" falsecount="6"/>
        <line num="74" count="0" type="stmt"/>
        <line num="76" count="0" type="stmt"/>
        <line num="80" count="22" type="stmt"/>
        <line num="85" count="50" type="stmt"/>
      </file>
      <file name="account.routes.ts" path="/Users/sebastiengagne/Apps/dwmc-api/src/modules/accounts/account.routes.ts">
        <metrics statements="27" coveredstatements="27" conditionals="0" coveredconditionals="0" methods="10" coveredmethods="10"/>
        <line num="20" count="22" type="stmt"/>
        <line num="22" count="22" type="stmt"/>
        <line num="23" count="16" type="stmt"/>
        <line num="24" count="16" type="stmt"/>
        <line num="25" count="16" type="stmt"/>
        <line num="26" count="10" type="stmt"/>
        <line num="29" count="22" type="stmt"/>
        <line num="30" count="54" type="stmt"/>
        <line num="31" count="54" type="stmt"/>
        <line num="32" count="48" type="stmt"/>
        <line num="33" count="44" type="stmt"/>
        <line num="36" count="22" type="stmt"/>
        <line num="37" count="24" type="stmt"/>
        <line num="38" count="24" type="stmt"/>
        <line num="39" count="24" type="stmt"/>
        <line num="40" count="22" type="stmt"/>
        <line num="43" count="22" type="stmt"/>
        <line num="44" count="14" type="stmt"/>
        <line num="45" count="14" type="stmt"/>
        <line num="46" count="14" type="stmt"/>
        <line num="47" count="14" type="stmt"/>
        <line num="48" count="2" type="stmt"/>
        <line num="51" count="22" type="stmt"/>
        <line num="52" count="14" type="stmt"/>
        <line num="53" count="14" type="stmt"/>
        <line num="54" count="14" type="stmt"/>
        <line num="55" count="6" type="stmt"/>
      </file>
      <file name="account.schema.ts" path="/Users/sebastiengagne/Apps/dwmc-api/src/modules/accounts/account.schema.ts">
        <metrics statements="7" coveredstatements="7" conditionals="0" coveredconditionals="0" methods="1" coveredmethods="1"/>
        <line num="3" count="22" type="stmt"/>
        <line num="6" count="10" type="stmt"/>
        <line num="8" count="22" type="stmt"/>
        <line num="18" count="22" type="stmt"/>
        <line num="27" count="22" type="stmt"/>
        <line num="37" count="22" type="stmt"/>
        <line num="41" count="22" type="stmt"/>
      </file>
      <file name="account.service.ts" path="/Users/sebastiengagne/Apps/dwmc-api/src/modules/accounts/account.service.ts">
        <metrics statements="56" coveredstatements="53" conditionals="80" coveredconditionals="58" methods="16" coveredmethods="16"/>
        <line num="23" count="22" type="stmt"/>
        <line num="24" count="84" type="stmt"/>
        <line num="25" count="84" type="stmt"/>
        <line num="33" count="22" type="stmt"/>
        <line num="34" count="50" type="cond" truecount="8" falsecount="0"/>
        <line num="35" count="2" type="stmt"/>
        <line num="43" count="22" type="stmt"/>
        <line num="44" count="16" type="stmt"/>
        <line num="45" count="16" type="stmt"/>
        <line num="49" count="16" type="stmt"/>
        <line num="51" count="10" type="stmt"/>
        <line num="57" count="10" type="stmt"/>
        <line num="63" count="22" type="stmt"/>
        <line num="64" count="48" type="stmt"/>
        <line num="65" count="48" type="cond" truecount="4" falsecount="0"/>
        <line num="66" count="48" type="stmt"/>
        <line num="68" count="48" type="stmt"/>
        <line num="69" count="46" type="cond" truecount="2" falsecount="0"/>
        <line num="70" count="2" type="stmt"/>
        <line num="73" count="44" type="stmt"/>
        <line num="82" count="44" type="stmt"/>
        <line num="87" count="44" type="stmt"/>
        <line num="90" count="22" type="stmt"/>
        <line num="91" count="24" type="stmt"/>
        <line num="93" count="24" type="stmt"/>
        <line num="94" count="24" type="cond" truecount="2" falsecount="0"/>
        <line num="95" count="2" type="stmt"/>
        <line num="98" count="22" type="stmt"/>
        <line num="103" count="22" type="stmt"/>
        <line num="106" count="22" type="stmt"/>
        <line num="107" count="14" type="stmt"/>
        <line num="109" count="14" type="stmt"/>
        <line num="110" count="6" type="cond" truecount="2" falsecount="0"/>
        <line num="111" count="2" type="stmt"/>
        <line num="114" count="4" type="cond" truecount="1" falsecount="1"/>
        <line num="115" count="4" type="stmt"/>
        <line num="116" count="4" type="cond" truecount="2" falsecount="0"/>
        <line num="117" count="2" type="stmt"/>
        <line num="121" count="12" type="cond" truecount="4" falsecount="0"/>
        <line num="123" count="14" type="cond" truecount="1" falsecount="1"/>
        <line num="128" count="6" type="stmt"/>
        <line num="130" count="14" type="stmt"/>
        <line num="140" count="2" type="cond" truecount="1" falsecount="1"/>
        <line num="141" count="0" type="stmt"/>
        <line num="144" count="12" type="stmt"/>
        <line num="149" count="2" type="stmt"/>
        <line num="152" count="22" type="stmt"/>
        <line num="153" count="14" type="stmt"/>
        <line num="155" count="14" type="stmt"/>
        <line num="156" count="6" type="cond" truecount="1" falsecount="1"/>
        <line num="157" count="0" type="stmt"/>
        <line num="160" count="14" type="stmt"/>
        <line num="161" count="6" type="cond" truecount="1" falsecount="1"/>
        <line num="162" count="0" type="stmt"/>
        <line num="165" count="14" type="stmt"/>
        <line num="170" count="6" type="stmt"/>
      </file>
    </package>
    <package name="src.modules.auth">
      <metrics statements="18" coveredstatements="18" conditionals="18" coveredconditionals="16" methods="6" coveredmethods="6"/>
      <file name="auth.middleware.ts" path="/Users/sebastiengagne/Apps/dwmc-api/src/modules/auth/auth.middleware.ts">
        <metrics statements="10" coveredstatements="10" conditionals="16" coveredconditionals="14" methods="2" coveredmethods="2"/>
        <line num="18" count="22" type="stmt"/>
        <line num="19" count="432" type="stmt"/>
        <line num="21" count="432" type="cond" truecount="6" falsecount="0"/>
        <line num="22" count="28" type="stmt"/>
        <line num="25" count="404" type="stmt"/>
        <line num="30" count="404" type="stmt"/>
        <line num="32" count="404" type="cond" truecount="6" falsecount="0"/>
        <line num="33" count="2" type="stmt"/>
        <line num="36" count="402" type="stmt"/>
        <line num="41" count="432" type="stmt"/>
      </file>
      <file name="auth.routes.ts" path="/Users/sebastiengagne/Apps/dwmc-api/src/modules/auth/auth.routes.ts">
        <metrics statements="5" coveredstatements="5" conditionals="2" coveredconditionals="2" methods="2" coveredmethods="2"/>
        <line num="7" count="22" type="stmt"/>
        <line num="16" count="22" type="stmt"/>
        <line num="17" count="13" type="stmt"/>
        <line num="18" count="13" type="stmt"/>
        <line num="20" count="4" type="stmt"/>
      </file>
      <file name="auth.service.ts" path="/Users/sebastiengagne/Apps/dwmc-api/src/modules/auth/auth.service.ts">
        <metrics statements="3" coveredstatements="3" conditionals="0" coveredconditionals="0" methods="2" coveredmethods="2"/>
        <line num="12" count="22" type="stmt"/>
        <line num="13" count="366" type="stmt"/>
        <line num="22" count="366" type="stmt"/>
      </file>
    </package>
    <package name="src.modules.budgets">
      <metrics statements="164" coveredstatements="145" conditionals="164" coveredconditionals="86" methods="51" coveredmethods="43"/>
      <file name="budget.repository.ts" path="/Users/sebastiengagne/Apps/dwmc-api/src/modules/budgets/budget.repository.ts">
        <metrics statements="28" coveredstatements="21" conditionals="28" coveredconditionals="14" methods="14" coveredmethods="12"/>
        <line num="4" count="22" type="stmt"/>
        <line num="8" count="19" type="stmt"/>
        <line num="29" count="16" type="stmt"/>
        <line num="32" count="22" type="stmt"/>
        <line num="33" count="8" type="stmt"/>
        <line num="49" count="22" type="stmt"/>
        <line num="53" count="0" type="stmt"/>
        <line num="69" count="22" type="stmt"/>
        <line num="74" count="2" type="stmt"/>
        <line num="75" count="2" type="stmt"/>
        <line num="91" count="0" type="cond" truecount="0" falsecount="6"/>
        <line num="92" count="0" type="stmt"/>
        <line num="94" count="0" type="stmt"/>
        <line num="98" count="22" type="stmt"/>
        <line num="99" count="2" type="stmt"/>
        <line num="100" count="2" type="stmt"/>
        <line num="116" count="0" type="cond" truecount="0" falsecount="6"/>
        <line num="117" count="0" type="stmt"/>
        <line num="119" count="0" type="stmt"/>
        <line num="123" count="22" type="stmt"/>
        <line num="132" count="13" type="stmt"/>
        <line num="133" count="13" type="stmt"/>
        <line num="134" count="4" type="cond" truecount="1" falsecount="1"/>
        <line num="135" count="4" type="cond" truecount="5" falsecount="1"/>
        <line num="136" count="4" type="stmt"/>
        <line num="139" count="22" type="stmt"/>
        <line num="145" count="21" type="stmt"/>
        <line num="158" count="20" type="stmt"/>
      </file>
      <file name="budget.routes.ts" path="/Users/sebastiengagne/Apps/dwmc-api/src/modules/budgets/budget.routes.ts">
        <metrics statements="27" coveredstatements="25" conditionals="0" coveredconditionals="0" methods="10" coveredmethods="10"/>
        <line num="20" count="22" type="stmt"/>
        <line num="22" count="22" type="stmt"/>
        <line num="23" count="19" type="stmt"/>
        <line num="24" count="19" type="stmt"/>
        <line num="25" count="19" type="stmt"/>
        <line num="26" count="16" type="stmt"/>
        <line num="29" count="22" type="stmt"/>
        <line num="30" count="18" type="stmt"/>
        <line num="31" count="18" type="stmt"/>
        <line num="32" count="14" type="stmt"/>
        <line num="33" count="0" type="stmt"/>
        <line num="36" count="22" type="stmt"/>
        <line num="37" count="12" type="stmt"/>
        <line num="38" count="12" type="stmt"/>
        <line num="39" count="12" type="stmt"/>
        <line num="40" count="0" type="stmt"/>
        <line num="43" count="22" type="stmt"/>
        <line num="44" count="14" type="stmt"/>
        <line num="45" count="14" type="stmt"/>
        <line num="46" count="14" type="stmt"/>
        <line num="47" count="14" type="stmt"/>
        <line num="48" count="2" type="stmt"/>
        <line num="51" count="22" type="stmt"/>
        <line num="52" count="12" type="stmt"/>
        <line num="53" count="12" type="stmt"/>
        <line num="54" count="12" type="stmt"/>
        <line num="55" count="2" type="stmt"/>
      </file>
      <file name="budget.schema.ts" path="/Users/sebastiengagne/Apps/dwmc-api/src/modules/budgets/budget.schema.ts">
        <metrics statements="9" coveredstatements="9" conditionals="4" coveredconditionals="4" methods="3" coveredmethods="3"/>
        <line num="3" count="22" type="stmt"/>
        <line num="7" count="30" type="stmt"/>
        <line num="8" count="30" type="cond" truecount="4" falsecount="0"/>
        <line num="11" count="22" type="stmt"/>
        <line num="14" count="16" type="stmt"/>
        <line num="16" count="22" type="stmt"/>
        <line num="22" count="22" type="stmt"/>
        <line num="29" count="22" type="stmt"/>
        <line num="31" count="22" type="stmt"/>
      </file>
      <file name="budget.service.ts" path="/Users/sebastiengagne/Apps/dwmc-api/src/modules/budgets/budget.service.ts">
        <metrics statements="100" coveredstatements="90" conditionals="132" coveredconditionals="68" methods="24" coveredmethods="18"/>
        <line num="19" count="22" type="stmt"/>
        <line num="20" count="18" type="cond" truecount="5" falsecount="1"/>
        <line num="21" count="16" type="stmt"/>
        <line num="44" count="22" type="cond" truecount="4" falsecount="0"/>
        <line num="45" count="20" type="stmt"/>
        <line num="46" count="20" type="stmt"/>
        <line num="47" count="20" type="stmt"/>
        <line num="48" count="18" type="stmt"/>
        <line num="64" count="22" type="stmt"/>
        <line num="65" count="0" type="cond" truecount="0" falsecount="4"/>
        <line num="68" count="22" type="stmt"/>
        <line num="69" count="36" type="cond" truecount="4" falsecount="0"/>
        <line num="70" count="36" type="cond" truecount="1" falsecount="1"/>
        <line num="75" count="22" type="stmt"/>
        <line num="76" count="19" type="stmt"/>
        <line num="78" count="16" type="cond" truecount="2" falsecount="0"/>
        <line num="79" count="9" type="stmt"/>
        <line num="80" count="2" type="cond" truecount="1" falsecount="1"/>
        <line num="83" count="19" type="stmt"/>
        <line num="84" count="16" type="cond" truecount="2" falsecount="0"/>
        <line num="85" count="9" type="stmt"/>
        <line num="86" count="2" type="stmt"/>
        <line num="89" count="19" type="stmt"/>
        <line num="95" count="19" type="stmt"/>
        <line num="96" count="19" type="stmt"/>
        <line num="101" count="19" type="stmt"/>
        <line num="102" count="16" type="stmt"/>
        <line num="103" count="11" type="stmt"/>
        <line num="104" count="6" type="cond" truecount="1" falsecount="1"/>
        <line num="105" count="6" type="cond" truecount="2" falsecount="2"/>
        <line num="108" count="16" type="stmt"/>
        <line num="109" count="15" type="cond" truecount="4" falsecount="0"/>
        <line num="110" count="14" type="stmt"/>
        <line num="114" count="22" type="stmt"/>
        <line num="115" count="14" type="stmt"/>
        <line num="117" count="14" type="stmt"/>
        <line num="118" count="6" type="cond" truecount="2" falsecount="0"/>
        <line num="119" count="4" type="cond" truecount="2" falsecount="0"/>
        <line num="120" count="2" type="stmt"/>
        <line num="127" count="12" type="stmt"/>
        <line num="128" count="2" type="cond" truecount="1" falsecount="1"/>
        <line num="129" count="2" type="stmt"/>
        <line num="132" count="0" type="stmt"/>
        <line num="133" count="0" type="stmt"/>
        <line num="139" count="0" type="cond" truecount="0" falsecount="2"/>
        <line num="140" count="0" type="stmt"/>
        <line num="146" count="0" type="stmt"/>
        <line num="149" count="11" type="stmt"/>
        <line num="150" count="11" type="stmt"/>
        <line num="155" count="11" type="stmt"/>
        <line num="156" count="11" type="cond" truecount="0" falsecount="8"/>
        <line num="157" count="14" type="cond" truecount="0" falsecount="4"/>
        <line num="159" count="6" type="stmt"/>
        <line num="162" count="22" type="stmt"/>
        <line num="163" count="12" type="stmt"/>
        <line num="165" count="12" type="stmt"/>
        <line num="166" count="2" type="cond" truecount="1" falsecount="1"/>
        <line num="168" count="11" type="stmt"/>
        <line num="169" count="11" type="stmt"/>
        <line num="174" count="11" type="stmt"/>
        <line num="175" count="11" type="cond" truecount="0" falsecount="8"/>
        <line num="176" count="12" type="cond" truecount="0" falsecount="4"/>
        <line num="178" count="2" type="stmt"/>
        <line num="181" count="22" type="stmt"/>
        <line num="182" count="14" type="stmt"/>
        <line num="184" count="14" type="stmt"/>
        <line num="185" count="6" type="cond" truecount="1" falsecount="1"/>
        <line num="187" count="14" type="cond" truecount="4" falsecount="0"/>
        <line num="188" count="14" type="cond" truecount="4" falsecount="0"/>
        <line num="190" count="6" type="cond" truecount="2" falsecount="0"/>
        <line num="191" count="5" type="stmt"/>
        <line num="192" count="4" type="cond" truecount="2" falsecount="0"/>
        <line num="193" count="2" type="cond" truecount="4" falsecount="2"/>
        <line num="194" count="0" type="stmt"/>
        <line num="202" count="4" type="cond" truecount="6" falsecount="0"/>
        <line num="203" count="3" type="stmt"/>
        <line num="204" count="2" type="cond" truecount="1" falsecount="1"/>
        <line num="205" count="2" type="stmt"/>
        <line num="213" count="2" type="stmt"/>
        <line num="214" count="2" type="stmt"/>
        <line num="216" count="0" type="cond" truecount="0" falsecount="2"/>
        <line num="217" count="0" type="stmt"/>
        <line num="223" count="0" type="stmt"/>
        <line num="225" count="2" type="cond" truecount="1" falsecount="1"/>
        <line num="227" count="12" type="stmt"/>
        <line num="228" count="12" type="stmt"/>
        <line num="233" count="12" type="stmt"/>
        <line num="234" count="12" type="cond" truecount="2" falsecount="6"/>
        <line num="235" count="14" type="cond" truecount="2" falsecount="2"/>
        <line num="237" count="6" type="stmt"/>
        <line num="240" count="22" type="stmt"/>
        <line num="241" count="12" type="stmt"/>
        <line num="243" count="12" type="stmt"/>
        <line num="244" count="2" type="cond" truecount="1" falsecount="1"/>
        <line num="246" count="12" type="stmt"/>
        <line num="247" count="12" type="stmt"/>
        <line num="252" count="12" type="stmt"/>
        <line num="253" count="12" type="cond" truecount="2" falsecount="6"/>
        <line num="254" count="12" type="cond" truecount="2" falsecount="2"/>
        <line num="256" count="2" type="stmt"/>
      </file>
    </package>
    <package name="src.modules.categories">
      <metrics statements="106" coveredstatements="94" conditionals="78" coveredconditionals="55" methods="33" coveredmethods="33"/>
      <file name="category.repository.ts" path="/Users/sebastiengagne/Apps/dwmc-api/src/modules/categories/category.repository.ts">
        <metrics statements="24" coveredstatements="18" conditionals="40" coveredconditionals="22" methods="12" coveredmethods="12"/>
        <line num="4" count="22" type="stmt"/>
        <line num="8" count="15" type="stmt"/>
        <line num="19" count="15" type="stmt"/>
        <line num="20" count="15" type="cond" truecount="2" falsecount="2"/>
        <line num="21" count="15" type="cond" truecount="4" falsecount="0"/>
        <line num="22" count="8" type="cond" truecount="2" falsecount="2"/>
        <line num="25" count="22" type="stmt"/>
        <line num="26" count="30" type="stmt"/>
        <line num="31" count="22" type="stmt"/>
        <line num="35" count="28" type="stmt"/>
        <line num="45" count="22" type="stmt"/>
        <line num="50" count="4" type="stmt"/>
        <line num="51" count="4" type="stmt"/>
        <line num="56" count="0" type="cond" truecount="0" falsecount="6"/>
        <line num="57" count="0" type="stmt"/>
        <line num="59" count="0" type="stmt"/>
        <line num="63" count="22" type="stmt"/>
        <line num="64" count="6" type="stmt"/>
        <line num="65" count="6" type="stmt"/>
        <line num="70" count="0" type="cond" truecount="0" falsecount="6"/>
        <line num="71" count="0" type="stmt"/>
        <line num="73" count="0" type="stmt"/>
        <line num="77" count="22" type="stmt"/>
        <line num="83" count="32" type="stmt"/>
      </file>
      <file name="category.routes.ts" path="/Users/sebastiengagne/Apps/dwmc-api/src/modules/categories/category.routes.ts">
        <metrics statements="27" coveredstatements="26" conditionals="0" coveredconditionals="0" methods="10" coveredmethods="10"/>
        <line num="20" count="22" type="stmt"/>
        <line num="22" count="22" type="stmt"/>
        <line num="23" count="16" type="stmt"/>
        <line num="24" count="16" type="stmt"/>
        <line num="25" count="16" type="stmt"/>
        <line num="27" count="8" type="stmt"/>
        <line num="30" count="22" type="stmt"/>
        <line num="31" count="36" type="stmt"/>
        <line num="32" count="36" type="stmt"/>
        <line num="34" count="34" type="stmt"/>
        <line num="35" count="28" type="stmt"/>
        <line num="38" count="22" type="stmt"/>
        <line num="39" count="12" type="stmt"/>
        <line num="40" count="12" type="stmt"/>
        <line num="42" count="12" type="stmt"/>
        <line num="43" count="0" type="stmt"/>
        <line num="46" count="22" type="stmt"/>
        <line num="47" count="16" type="stmt"/>
        <line num="48" count="16" type="stmt"/>
        <line num="49" count="16" type="stmt"/>
        <line num="51" count="16" type="stmt"/>
        <line num="52" count="4" type="stmt"/>
        <line num="55" count="22" type="stmt"/>
        <line num="56" count="14" type="stmt"/>
        <line num="57" count="14" type="stmt"/>
        <line num="59" count="14" type="stmt"/>
        <line num="60" count="6" type="stmt"/>
      </file>
      <file name="category.schema.ts" path="/Users/sebastiengagne/Apps/dwmc-api/src/modules/categories/category.schema.ts">
        <metrics statements="6" coveredstatements="6" conditionals="0" coveredconditionals="0" methods="1" coveredmethods="1"/>
        <line num="4" count="22" type="stmt"/>
        <line num="7" count="10" type="stmt"/>
        <line num="9" count="22" type="stmt"/>
        <line num="15" count="22" type="stmt"/>
        <line num="22" count="22" type="stmt"/>
        <line num="26" count="22" type="stmt"/>
      </file>
      <file name="category.service.ts" path="/Users/sebastiengagne/Apps/dwmc-api/src/modules/categories/category.service.ts">
        <metrics statements="49" coveredstatements="44" conditionals="38" coveredconditionals="33" methods="10" coveredmethods="10"/>
        <line num="19" count="22" type="stmt"/>
        <line num="20" count="16" type="stmt"/>
        <line num="22" count="10" type="cond" truecount="2" falsecount="0"/>
        <line num="23" count="7" type="stmt"/>
        <line num="24" count="4" type="cond" truecount="2" falsecount="0"/>
        <line num="25" count="2" type="stmt"/>
        <line num="29" count="8" type="stmt"/>
        <line num="37" count="22" type="stmt"/>
        <line num="38" count="34" type="stmt"/>
        <line num="40" count="34" type="stmt"/>
        <line num="41" count="34" type="cond" truecount="2" falsecount="0"/>
        <line num="42" count="4" type="stmt"/>
        <line num="45" count="30" type="stmt"/>
        <line num="46" count="30" type="cond" truecount="2" falsecount="0"/>
        <line num="47" count="2" type="stmt"/>
        <line num="50" count="28" type="stmt"/>
        <line num="53" count="22" type="stmt"/>
        <line num="54" count="12" type="stmt"/>
        <line num="56" count="12" type="stmt"/>
        <line num="57" count="2" type="cond" truecount="1" falsecount="1"/>
        <line num="58" count="2" type="stmt"/>
        <line num="61" count="0" type="stmt"/>
        <line num="64" count="22" type="stmt"/>
        <line num="69" count="16" type="stmt"/>
        <line num="71" count="16" type="stmt"/>
        <line num="72" count="10" type="cond" truecount="2" falsecount="0"/>
        <line num="73" count="2" type="stmt"/>
        <line num="76" count="15" type="cond" truecount="4" falsecount="0"/>
        <line num="77" count="10" type="cond" truecount="2" falsecount="0"/>
        <line num="78" count="8" type="stmt"/>
        <line num="79" count="6" type="cond" truecount="2" falsecount="0"/>
        <line num="80" count="4" type="stmt"/>
        <line num="84" count="4" type="cond" truecount="6" falsecount="0"/>
        <line num="85" count="3" type="stmt"/>
        <line num="92" count="2" type="cond" truecount="1" falsecount="1"/>
        <line num="93" count="0" type="stmt"/>
        <line num="97" count="13" type="stmt"/>
        <line num="98" count="4" type="cond" truecount="1" falsecount="1"/>
        <line num="99" count="0" type="stmt"/>
        <line num="102" count="4" type="stmt"/>
        <line num="105" count="22" type="stmt"/>
        <line num="106" count="14" type="stmt"/>
        <line num="108" count="14" type="stmt"/>
        <line num="109" count="6" type="cond" truecount="1" falsecount="1"/>
        <line num="110" count="0" type="stmt"/>
        <line num="113" count="14" type="stmt"/>
        <line num="114" count="6" type="cond" truecount="1" falsecount="1"/>
        <line num="115" count="0" type="stmt"/>
        <line num="118" count="6" type="stmt"/>
      </file>
    </package>
    <package name="src.modules.profile">
      <metrics statements="23" coveredstatements="22" conditionals="18" coveredconditionals="16" methods="15" coveredmethods="13"/>
      <file name="profile.repository.ts" path="/Users/sebastiengagne/Apps/dwmc-api/src/modules/profile/profile.repository.ts">
        <metrics statements="4" coveredstatements="3" conditionals="14" coveredconditionals="14" methods="4" coveredmethods="2"/>
        <line num="4" count="22" type="stmt"/>
        <line num="5" count="0" type="stmt"/>
        <line num="8" count="22" type="stmt"/>
        <line num="9" count="4" type="stmt"/>
      </file>
      <file name="profile.routes.ts" path="/Users/sebastiengagne/Apps/dwmc-api/src/modules/profile/profile.routes.ts">
        <metrics statements="8" coveredstatements="8" conditionals="0" coveredconditionals="0" methods="4" coveredmethods="4"/>
        <line num="9" count="22" type="stmt"/>
        <line num="11" count="22" type="stmt"/>
        <line num="12" count="17" type="stmt"/>
        <line num="13" count="12" type="stmt"/>
        <line num="16" count="22" type="stmt"/>
        <line num="17" count="16" type="stmt"/>
        <line num="18" count="13" type="stmt"/>
        <line num="19" count="4" type="stmt"/>
      </file>
      <file name="profile.schema.ts" path="/Users/sebastiengagne/Apps/dwmc-api/src/modules/profile/profile.schema.ts">
        <metrics statements="4" coveredstatements="4" conditionals="4" coveredconditionals="2" methods="1" coveredmethods="1"/>
        <line num="3" count="22" type="stmt"/>
        <line num="5" count="22" type="stmt"/>
        <line num="9" count="6" type="cond" truecount="2" falsecount="2"/>
        <line num="13" count="22" type="stmt"/>
      </file>
      <file name="profile.service.ts" path="/Users/sebastiengagne/Apps/dwmc-api/src/modules/profile/profile.service.ts">
        <metrics statements="7" coveredstatements="7" conditionals="0" coveredconditionals="0" methods="6" coveredmethods="6"/>
        <line num="6" count="22" type="stmt"/>
        <line num="9" count="16" type="stmt"/>
        <line num="11" count="22" type="stmt"/>
        <line num="12" count="12" type="stmt"/>
        <line num="15" count="22" type="stmt"/>
        <line num="16" count="4" type="stmt"/>
        <line num="17" count="4" type="stmt"/>
      </file>
    </package>
    <package name="src.modules.sections">
      <metrics statements="101" coveredstatements="90" conditionals="62" coveredconditionals="39" methods="39" coveredmethods="37"/>
      <file name="section.repository.ts" path="/Users/sebastiengagne/Apps/dwmc-api/src/modules/sections/section.repository.ts">
        <metrics statements="30" coveredstatements="25" conditionals="46" coveredconditionals="29" methods="18" coveredmethods="16"/>
        <line num="4" count="22" type="stmt"/>
        <line num="14" count="16" type="stmt"/>
        <line num="36" count="16" type="stmt"/>
        <line num="37" count="16" type="cond" truecount="2" falsecount="2"/>
        <line num="38" count="16" type="cond" truecount="4" falsecount="0"/>
        <line num="39" count="10" type="cond" truecount="2" falsecount="2"/>
        <line num="42" count="22" type="stmt"/>
        <line num="47" count="18" type="stmt"/>
        <line num="62" count="22" type="stmt"/>
        <line num="63" count="44" type="stmt"/>
        <line num="68" count="22" type="stmt"/>
        <line num="72" count="66" type="stmt"/>
        <line num="81" count="22" type="stmt"/>
        <line num="86" count="2" type="stmt"/>
        <line num="87" count="2" type="stmt"/>
        <line num="92" count="0" type="cond" truecount="0" falsecount="6"/>
        <line num="93" count="0" type="stmt"/>
        <line num="95" count="0" type="stmt"/>
        <line num="99" count="22" type="stmt"/>
        <line num="100" count="12" type="stmt"/>
        <line num="101" count="12" type="stmt"/>
        <line num="102" count="12" type="stmt"/>
        <line num="107" count="12" type="stmt"/>
        <line num="113" count="2" type="cond" truecount="4" falsecount="2"/>
        <line num="114" count="0" type="stmt"/>
        <line num="116" count="2" type="stmt"/>
        <line num="120" count="22" type="stmt"/>
        <line num="125" count="70" type="stmt"/>
        <line num="134" count="22" type="stmt"/>
        <line num="135" count="0" type="stmt"/>
      </file>
      <file name="section.routes.ts" path="/Users/sebastiengagne/Apps/dwmc-api/src/modules/sections/section.routes.ts">
        <metrics statements="28" coveredstatements="27" conditionals="0" coveredconditionals="0" methods="10" coveredmethods="10"/>
        <line num="20" count="22" type="stmt"/>
        <line num="22" count="22" type="stmt"/>
        <line num="23" count="16" type="stmt"/>
        <line num="24" count="16" type="stmt"/>
        <line num="25" count="16" type="stmt"/>
        <line num="27" count="10" type="stmt"/>
        <line num="30" count="22" type="stmt"/>
        <line num="31" count="70" type="stmt"/>
        <line num="32" count="70" type="stmt"/>
        <line num="34" count="68" type="stmt"/>
        <line num="35" count="66" type="stmt"/>
        <line num="38" count="22" type="stmt"/>
        <line num="39" count="12" type="stmt"/>
        <line num="40" count="12" type="stmt"/>
        <line num="41" count="12" type="stmt"/>
        <line num="46" count="12" type="stmt"/>
        <line num="47" count="0" type="stmt"/>
        <line num="50" count="22" type="stmt"/>
        <line num="51" count="13" type="stmt"/>
        <line num="52" count="13" type="stmt"/>
        <line num="53" count="13" type="stmt"/>
        <line num="55" count="13" type="stmt"/>
        <line num="56" count="2" type="stmt"/>
        <line num="59" count="22" type="stmt"/>
        <line num="60" count="17" type="stmt"/>
        <line num="61" count="17" type="stmt"/>
        <line num="63" count="17" type="stmt"/>
        <line num="64" count="10" type="stmt"/>
      </file>
      <file name="section.schema.ts" path="/Users/sebastiengagne/Apps/dwmc-api/src/modules/sections/section.schema.ts">
        <metrics statements="6" coveredstatements="6" conditionals="0" coveredconditionals="0" methods="1" coveredmethods="1"/>
        <line num="4" count="22" type="stmt"/>
        <line num="7" count="22" type="stmt"/>
        <line num="9" count="22" type="stmt"/>
        <line num="14" count="22" type="stmt"/>
        <line num="20" count="22" type="stmt"/>
        <line num="24" count="22" type="stmt"/>
      </file>
      <file name="section.service.ts" path="/Users/sebastiengagne/Apps/dwmc-api/src/modules/sections/section.service.ts">
        <metrics statements="37" coveredstatements="32" conditionals="16" coveredconditionals="10" methods="10" coveredmethods="10"/>
        <line num="18" count="22" type="stmt"/>
        <line num="19" count="16" type="stmt"/>
        <line num="21" count="10" type="stmt"/>
        <line num="30" count="22" type="stmt"/>
        <line num="31" count="68" type="stmt"/>
        <line num="33" count="68" type="stmt"/>
        <line num="34" count="68" type="cond" truecount="2" falsecount="0"/>
        <line num="35" count="2" type="stmt"/>
        <line num="38" count="66" type="stmt"/>
        <line num="41" count="22" type="stmt"/>
        <line num="46" count="12" type="stmt"/>
        <line num="48" count="12" type="stmt"/>
        <line num="49" count="2" type="cond" truecount="1" falsecount="1"/>
        <line num="50" count="2" type="stmt"/>
        <line num="53" count="0" type="stmt"/>
        <line num="56" count="22" type="stmt"/>
        <line num="57" count="13" type="stmt"/>
        <line num="59" count="13" type="stmt"/>
        <line num="60" count="4" type="cond" truecount="2" falsecount="0"/>
        <line num="61" count="2" type="stmt"/>
        <line num="64" count="2" type="cond" truecount="1" falsecount="1"/>
        <line num="65" count="2" type="stmt"/>
        <line num="66" count="2" type="cond" truecount="1" falsecount="1"/>
        <line num="67" count="0" type="stmt"/>
        <line num="71" count="12" type="stmt"/>
        <line num="72" count="2" type="cond" truecount="1" falsecount="1"/>
        <line num="73" count="0" type="stmt"/>
        <line num="76" count="2" type="stmt"/>
        <line num="79" count="22" type="stmt"/>
        <line num="80" count="17" type="stmt"/>
        <line num="82" count="17" type="stmt"/>
        <line num="83" count="12" type="cond" truecount="1" falsecount="1"/>
        <line num="84" count="0" type="stmt"/>
        <line num="87" count="17" type="stmt"/>
        <line num="88" count="10" type="cond" truecount="1" falsecount="1"/>
        <line num="89" count="0" type="stmt"/>
        <line num="92" count="10" type="stmt"/>
      </file>
    </package>
    <package name="src.modules.summary">
      <metrics statements="107" coveredstatements="104" conditionals="202" coveredconditionals="154" methods="16" coveredmethods="14"/>
      <file name="summary.repository.ts" path="/Users/sebastiengagne/Apps/dwmc-api/src/modules/summary/summary.repository.ts">
        <metrics statements="4" coveredstatements="4" conditionals="0" coveredconditionals="0" methods="4" coveredmethods="4"/>
        <line num="3" count="22" type="stmt"/>
        <line num="8" count="22" type="stmt"/>
        <line num="32" count="22" type="stmt"/>
        <line num="38" count="22" type="stmt"/>
      </file>
      <file name="summary.routes.ts" path="/Users/sebastiengagne/Apps/dwmc-api/src/modules/summary/summary.routes.ts">
        <metrics statements="6" coveredstatements="6" conditionals="0" coveredconditionals="0" methods="2" coveredmethods="2"/>
        <line num="9" count="22" type="stmt"/>
        <line num="11" count="22" type="stmt"/>
        <line num="12" count="26" type="stmt"/>
        <line num="13" count="26" type="stmt"/>
        <line num="14" count="26" type="stmt"/>
        <line num="15" count="22" type="stmt"/>
      </file>
      <file name="summary.schema.ts" path="/Users/sebastiengagne/Apps/dwmc-api/src/modules/summary/summary.schema.ts">
        <metrics statements="1" coveredstatements="1" conditionals="0" coveredconditionals="0" methods="0" coveredmethods="0"/>
        <line num="3" count="22" type="stmt"/>
      </file>
      <file name="summary.service.ts" path="/Users/sebastiengagne/Apps/dwmc-api/src/modules/summary/summary.service.ts">
        <metrics statements="96" coveredstatements="93" conditionals="202" coveredconditionals="154" methods="10" coveredmethods="8"/>
        <line num="57" count="22" type="stmt"/>
        <line num="58" count="32" type="cond" truecount="4" falsecount="0"/>
        <line num="59" count="32" type="cond" truecount="1" falsecount="1"/>
        <line num="64" count="22" type="stmt"/>
        <line num="68" count="22" type="stmt"/>
        <line num="72" count="22" type="cond" truecount="2" falsecount="0"/>
        <line num="73" count="20" type="stmt"/>
        <line num="75" count="12" type="stmt"/>
        <line num="76" count="2" type="stmt"/>
        <line num="79" count="22" type="stmt"/>
        <line num="81" count="22" type="stmt"/>
        <line num="82" count="22" type="stmt"/>
        <line num="83" count="22" type="stmt"/>
        <line num="91" count="22" type="stmt"/>
        <line num="92" count="22" type="stmt"/>
        <line num="93" count="22" type="stmt"/>
        <line num="94" count="22" type="stmt"/>
        <line num="96" count="22" type="stmt"/>
        <line num="97" count="22" type="stmt"/>
        <line num="99" count="22" type="stmt"/>
        <line num="101" count="22" type="stmt"/>
        <line num="102" count="34" type="stmt"/>
        <line num="104" count="34" type="cond" truecount="2" falsecount="0"/>
        <line num="105" count="2" type="stmt"/>
        <line num="107" count="2" type="cond" truecount="1" falsecount="1"/>
        <line num="108" count="2" type="stmt"/>
        <line num="109" count="2" type="stmt"/>
        <line num="110" count="2" type="cond" truecount="4" falsecount="0"/>
        <line num="124" count="2" type="stmt"/>
        <line num="125" count="2" type="stmt"/>
        <line num="126" count="2" type="stmt"/>
        <line num="127" count="2" type="stmt"/>
        <line num="131" count="2" type="cond" truecount="5" falsecount="1"/>
        <line num="132" count="2" type="stmt"/>
        <line num="133" count="2" type="stmt"/>
        <line num="134" count="2" type="cond" truecount="4" falsecount="0"/>
        <line num="141" count="2" type="stmt"/>
        <line num="142" count="2" type="stmt"/>
        <line num="143" count="2" type="stmt"/>
        <line num="145" count="32" type="cond" truecount="2" falsecount="0"/>
        <line num="146" count="24" type="stmt"/>
        <line num="147" count="24" type="cond" truecount="1" falsecount="1"/>
        <line num="148" count="24" type="stmt"/>
        <line num="149" count="24" type="stmt"/>
        <line num="150" count="24" type="cond" truecount="4" falsecount="0"/>
        <line num="164" count="24" type="stmt"/>
        <line num="165" count="24" type="stmt"/>
        <line num="166" count="24" type="stmt"/>
        <line num="167" count="24" type="stmt"/>
        <line num="170" count="24" type="cond" truecount="6" falsecount="0"/>
        <line num="171" count="14" type="stmt"/>
        <line num="172" count="14" type="stmt"/>
        <line num="173" count="4" type="cond" truecount="4" falsecount="0"/>
        <line num="180" count="4" type="stmt"/>
        <line num="181" count="4" type="stmt"/>
        <line num="182" count="4" type="stmt"/>
        <line num="184" count="8" type="cond" truecount="2" falsecount="0"/>
        <line num="185" count="4" type="stmt"/>
        <line num="186" count="4" type="cond" truecount="1" falsecount="1"/>
        <line num="187" count="4" type="stmt"/>
        <line num="188" count="4" type="stmt"/>
        <line num="189" count="4" type="cond" truecount="2" falsecount="2"/>
        <line num="203" count="4" type="stmt"/>
        <line num="204" count="4" type="stmt"/>
        <line num="205" count="4" type="stmt"/>
        <line num="206" count="4" type="stmt"/>
        <line num="208" count="4" type="cond" truecount="1" falsecount="1"/>
        <line num="209" count="4" type="stmt"/>
        <line num="211" count="4" type="cond" truecount="1" falsecount="1"/>
        <line num="212" count="4" type="stmt"/>
        <line num="213" count="4" type="stmt"/>
        <line num="214" count="4" type="cond" truecount="2" falsecount="2"/>
        <line num="228" count="4" type="stmt"/>
        <line num="229" count="4" type="stmt"/>
        <line num="230" count="4" type="stmt"/>
        <line num="231" count="4" type="stmt"/>
        <line num="234" count="4" type="cond" truecount="1" falsecount="1"/>
        <line num="235" count="4" type="stmt"/>
        <line num="236" count="4" type="stmt"/>
        <line num="237" count="4" type="cond" truecount="4" falsecount="0"/>
        <line num="251" count="4" type="stmt"/>
        <line num="252" count="4" type="stmt"/>
        <line num="253" count="4" type="stmt"/>
        <line num="254" count="4" type="stmt"/>
        <line num="259" count="22" type="stmt"/>
        <line num="260" count="22" type="stmt"/>
        <line num="263" count="22" type="stmt"/>
        <line num="264" count="4" type="stmt"/>
        <line num="276" count="0" type="stmt"/>
        <line num="278" count="22" type="stmt"/>
        <line num="279" count="2" type="stmt"/>
        <line num="291" count="0" type="stmt"/>
        <line num="293" count="24" type="stmt"/>
        <line num="308" count="32" type="stmt"/>
        <line num="321" count="22" type="stmt"/>
        <line num="341" count="0" type="stmt"/>
      </file>
    </package>
    <package name="src.modules.transactions">
      <metrics statements="218" coveredstatements="190" conditionals="264" coveredconditionals="179" methods="63" coveredmethods="59"/>
      <file name="transaction.repository.ts" path="/Users/sebastiengagne/Apps/dwmc-api/src/modules/transactions/transaction.repository.ts">
        <metrics statements="39" coveredstatements="32" conditionals="54" coveredconditionals="22" methods="16" coveredmethods="14"/>
        <line num="18" count="22" type="stmt"/>
        <line num="29" count="22" type="stmt"/>
        <line num="30" count="0" type="cond" truecount="0" falsecount="6"/>
        <line num="31" count="0" type="cond" truecount="0" falsecount="4"/>
        <line num="34" count="22" type="stmt"/>
        <line num="35" count="28" type="stmt"/>
        <line num="36" count="28" type="cond" truecount="2" falsecount="0"/>
        <line num="37" count="28" type="cond" truecount="2" falsecount="0"/>
        <line num="38" count="28" type="cond" truecount="2" falsecount="0"/>
        <line num="39" count="28" type="cond" truecount="1" falsecount="1"/>
        <line num="40" count="28" type="cond" truecount="1" falsecount="1"/>
        <line num="41" count="28" type="cond" truecount="1" falsecount="1"/>
        <line num="42" count="28" type="cond" truecount="6" falsecount="0"/>
        <line num="43" count="18" type="stmt"/>
        <line num="44" count="8" type="cond" truecount="1" falsecount="1"/>
        <line num="45" count="8" type="cond" truecount="1" falsecount="1"/>
        <line num="46" count="8" type="stmt"/>
        <line num="48" count="28" type="cond" truecount="1" falsecount="1"/>
        <line num="49" count="0" type="stmt"/>
        <line num="55" count="28" type="stmt"/>
        <line num="58" count="22" type="stmt"/>
        <line num="59" count="18" type="stmt"/>
        <line num="67" count="14" type="stmt"/>
        <line num="70" count="22" type="stmt"/>
        <line num="71" count="14" type="stmt"/>
        <line num="74" count="22" type="stmt"/>
        <line num="75" count="14" type="stmt"/>
        <line num="81" count="22" type="stmt"/>
        <line num="85" count="4" type="stmt"/>
        <line num="91" count="22" type="stmt"/>
        <line num="96" count="10" type="stmt"/>
        <line num="97" count="10" type="stmt"/>
        <line num="105" count="0" type="cond" truecount="0" falsecount="6"/>
        <line num="106" count="0" type="stmt"/>
        <line num="110" count="22" type="stmt"/>
        <line num="111" count="2" type="stmt"/>
        <line num="112" count="2" type="stmt"/>
        <line num="118" count="0" type="cond" truecount="0" falsecount="6"/>
        <line num="119" count="0" type="stmt"/>
      </file>
      <file name="transaction.routes.ts" path="/Users/sebastiengagne/Apps/dwmc-api/src/modules/transactions/transaction.routes.ts">
        <metrics statements="27" coveredstatements="26" conditionals="0" coveredconditionals="0" methods="10" coveredmethods="10"/>
        <line num="20" count="22" type="stmt"/>
        <line num="22" count="22" type="stmt"/>
        <line num="23" count="20" type="stmt"/>
        <line num="24" count="20" type="stmt"/>
        <line num="25" count="20" type="stmt"/>
        <line num="27" count="14" type="stmt"/>
        <line num="30" count="22" type="stmt"/>
        <line num="31" count="18" type="stmt"/>
        <line num="32" count="18" type="stmt"/>
        <line num="33" count="16" type="stmt"/>
        <line num="34" count="4" type="stmt"/>
        <line num="37" count="22" type="stmt"/>
        <line num="38" count="12" type="stmt"/>
        <line num="39" count="12" type="stmt"/>
        <line num="40" count="12" type="stmt"/>
        <line num="41" count="0" type="stmt"/>
        <line num="44" count="22" type="stmt"/>
        <line num="45" count="17" type="stmt"/>
        <line num="46" count="17" type="stmt"/>
        <line num="47" count="17" type="stmt"/>
        <line num="48" count="17" type="stmt"/>
        <line num="49" count="10" type="stmt"/>
        <line num="52" count="22" type="stmt"/>
        <line num="53" count="12" type="stmt"/>
        <line num="54" count="12" type="stmt"/>
        <line num="55" count="12" type="stmt"/>
        <line num="56" count="2" type="stmt"/>
      </file>
      <file name="transaction.schema.ts" path="/Users/sebastiengagne/Apps/dwmc-api/src/modules/transactions/transaction.schema.ts">
        <metrics statements="22" coveredstatements="22" conditionals="16" coveredconditionals="16" methods="11" coveredmethods="11"/>
        <line num="3" count="22" type="stmt"/>
        <line num="6" count="18" type="stmt"/>
        <line num="8" count="22" type="stmt"/>
        <line num="10" count="22" type="stmt"/>
        <line num="15" count="20" type="cond" truecount="6" falsecount="0"/>
        <line num="16" count="20" type="stmt"/>
        <line num="17" count="20" type="stmt"/>
        <line num="26" count="22" type="stmt"/>
        <line num="27" count="22" type="stmt"/>
        <line num="29" count="22" type="stmt"/>
        <line num="31" count="14" type="stmt"/>
        <line num="39" count="22" type="stmt"/>
        <line num="41" count="12" type="stmt"/>
        <line num="49" count="22" type="stmt"/>
        <line num="51" count="12" type="stmt"/>
        <line num="58" count="22" type="stmt"/>
        <line num="66" count="22" type="stmt"/>
        <line num="73" count="22" type="stmt"/>
        <line num="86" count="22" type="stmt"/>
        <line num="88" count="22" type="stmt"/>
        <line num="98" count="14" type="stmt"/>
        <line num="99" count="6" type="cond" truecount="4" falsecount="0"/>
      </file>
      <file name="transaction.service.ts" path="/Users/sebastiengagne/Apps/dwmc-api/src/modules/transactions/transaction.service.ts">
        <metrics statements="130" coveredstatements="110" conditionals="194" coveredconditionals="141" methods="26" coveredmethods="24"/>
        <line num="46" count="22" type="stmt"/>
        <line num="47" count="34" type="stmt"/>
        <line num="48" count="102" type="cond" truecount="2" falsecount="2"/>
        <line num="51" count="34" type="stmt"/>
        <line num="72" count="22" type="stmt"/>
        <line num="77" count="16" type="cond" truecount="1" falsecount="1"/>
        <line num="78" count="19" type="stmt"/>
        <line num="79" count="16" type="cond" truecount="2" falsecount="0"/>
        <line num="80" count="14" type="cond" truecount="6" falsecount="0"/>
        <line num="81" count="2" type="stmt"/>
        <line num="87" count="12" type="stmt"/>
        <line num="90" count="22" type="stmt"/>
        <line num="95" count="0" type="cond" truecount="0" falsecount="2"/>
        <line num="96" count="11" type="stmt"/>
        <line num="97" count="0" type="cond" truecount="0" falsecount="2"/>
        <line num="98" count="0" type="cond" truecount="0" falsecount="6"/>
        <line num="99" count="0" type="stmt"/>
        <line num="105" count="0" type="stmt"/>
        <line num="108" count="22" type="stmt"/>
        <line num="109" count="10" type="cond" truecount="6" falsecount="0"/>
        <line num="112" count="22" type="stmt"/>
        <line num="113" count="10" type="cond" truecount="1" falsecount="1"/>
        <line num="116" count="22" type="stmt"/>
        <line num="120" count="4" type="cond" truecount="1" falsecount="1"/>
        <line num="121" count="0" type="stmt"/>
        <line num="122" count="0" type="stmt"/>
        <line num="123" count="0" type="stmt"/>
        <line num="124" count="0" type="stmt"/>
        <line num="125" count="0" type="stmt"/>
        <line num="128" count="4" type="cond" truecount="2" falsecount="2"/>
        <line num="129" count="4" type="cond" truecount="3" falsecount="5"/>
        <line num="130" count="4" type="stmt"/>
        <line num="131" count="4" type="stmt"/>
        <line num="134" count="22" type="stmt"/>
        <line num="140" count="12" type="cond" truecount="2" falsecount="0"/>
        <line num="141" count="7" type="cond" truecount="3" falsecount="1"/>
        <line num="142" count="7" type="cond" truecount="3" falsecount="1"/>
        <line num="143" count="2" type="cond" truecount="5" falsecount="1"/>
        <line num="144" count="0" type="stmt"/>
        <line num="149" count="2" type="cond" truecount="1" falsecount="1"/>
        <line num="150" count="0" type="stmt"/>
        <line num="151" count="2" type="stmt"/>
        <line num="152" count="2" type="stmt"/>
        <line num="153" count="2" type="stmt"/>
        <line num="154" count="2" type="stmt"/>
        <line num="155" count="2" type="stmt"/>
        <line num="158" count="10" type="cond" truecount="8" falsecount="0"/>
        <line num="159" count="12" type="stmt"/>
        <line num="160" count="12" type="stmt"/>
        <line num="162" count="12" type="cond" truecount="6" falsecount="0"/>
        <line num="163" count="8" type="cond" truecount="3" falsecount="1"/>
        <line num="164" count="8" type="stmt"/>
        <line num="167" count="2" type="stmt"/>
        <line num="170" count="22" type="stmt"/>
        <line num="171" count="18" type="stmt"/>
        <line num="174" count="14" type="cond" truecount="2" falsecount="0"/>
        <line num="175" count="14" type="cond" truecount="1" falsecount="1"/>
        <line num="176" count="14" type="cond" truecount="1" falsecount="1"/>
        <line num="177" count="14" type="cond" truecount="1" falsecount="1"/>
        <line num="180" count="18" type="stmt"/>
        <line num="181" count="18" type="stmt"/>
        <line num="182" count="14" type="cond" truecount="2" falsecount="0"/>
        <line num="183" count="9" type="stmt"/>
        <line num="184" count="4" type="stmt"/>
        <line num="186" count="4" type="stmt"/>
        <line num="189" count="18" type="stmt"/>
        <line num="190" count="18" type="stmt"/>
        <line num="192" count="18" type="stmt"/>
        <line num="206" count="18" type="stmt"/>
        <line num="218" count="18" type="stmt"/>
        <line num="220" count="14" type="stmt"/>
        <line num="231" count="22" type="stmt"/>
        <line num="232" count="16" type="stmt"/>
        <line num="235" count="10" type="cond" truecount="6" falsecount="0"/>
        <line num="236" count="6" type="cond" truecount="1" falsecount="1"/>
        <line num="237" count="0" type="stmt"/>
        <line num="238" count="6" type="stmt"/>
        <line num="239" count="2" type="cond" truecount="1" falsecount="1"/>
        <line num="240" count="2" type="stmt"/>
        <line num="243" count="6" type="cond" truecount="2" falsecount="0"/>
        <line num="244" count="2" type="cond" truecount="5" falsecount="1"/>
        <line num="245" count="0" type="stmt"/>
        <line num="250" count="2" type="cond" truecount="1" falsecount="1"/>
        <line num="251" count="2" type="stmt"/>
        <line num="252" count="0" type="stmt"/>
        <line num="253" count="0" type="stmt"/>
        <line num="254" count="0" type="stmt"/>
        <line num="257" count="4" type="cond" truecount="2" falsecount="0"/>
        <line num="258" count="2" type="cond" truecount="1" falsecount="1"/>
        <line num="259" count="0" type="stmt"/>
        <line num="264" count="2" type="stmt"/>
        <line num="269" count="4" type="stmt"/>
        <line num="278" count="10" type="stmt"/>
        <line num="280" count="16" type="stmt"/>
        <line num="281" count="4" type="stmt"/>
        <line num="284" count="22" type="stmt"/>
        <line num="285" count="12" type="stmt"/>
        <line num="286" count="12" type="stmt"/>
        <line num="287" count="2" type="cond" truecount="1" falsecount="1"/>
        <line num="288" count="0" type="stmt"/>
        <line num="291" count="22" type="stmt"/>
        <line num="296" count="17" type="stmt"/>
        <line num="297" count="17" type="stmt"/>
        <line num="298" count="12" type="cond" truecount="1" falsecount="1"/>
        <line num="301" count="12" type="cond" truecount="2" falsecount="0"/>
        <line num="302" count="2" type="stmt"/>
        <line num="307" count="12" type="cond" truecount="2" falsecount="0"/>
        <line num="308" count="2" type="stmt"/>
        <line num="313" count="12" type="cond" truecount="2" falsecount="0"/>
        <line num="314" count="2" type="stmt"/>
        <line num="319" count="12" type="cond" truecount="1" falsecount="1"/>
        <line num="320" count="0" type="stmt"/>
        <line num="327" count="17" type="cond" truecount="4" falsecount="0"/>
        <line num="329" count="12" type="stmt"/>
        <line num="337" count="12" type="stmt"/>
        <line num="339" count="12" type="cond" truecount="2" falsecount="0"/>
        <line num="344" count="11" type="cond" truecount="4" falsecount="0"/>
        <line num="345" count="10" type="cond" truecount="2" falsecount="0"/>
        <line num="346" count="2" type="stmt"/>
        <line num="354" count="10" type="cond" truecount="2" falsecount="0"/>
        <line num="357" count="16" type="cond" truecount="4" falsecount="0"/>
        <line num="358" count="12" type="cond" truecount="2" falsecount="0"/>
        <line num="360" count="16" type="stmt"/>
        <line num="361" count="10" type="cond" truecount="1" falsecount="1"/>
        <line num="362" count="10" type="stmt"/>
        <line num="365" count="22" type="stmt"/>
        <line num="366" count="12" type="stmt"/>
        <line num="368" count="12" type="stmt"/>
        <line num="369" count="2" type="cond" truecount="1" falsecount="1"/>
        <line num="370" count="2" type="stmt"/>
      </file>
    </package>
    <package name="src.shared.date">
      <metrics statements="7" coveredstatements="7" conditionals="0" coveredconditionals="0" methods="2" coveredmethods="2"/>
      <file name="month.ts" path="/Users/sebastiengagne/Apps/dwmc-api/src/shared/date/month.ts">
        <metrics statements="7" coveredstatements="7" conditionals="0" coveredconditionals="0" methods="2" coveredmethods="2"/>
        <line num="8" count="24" type="stmt"/>
        <line num="9" count="50" type="stmt"/>
        <line num="10" count="50" type="stmt"/>
        <line num="11" count="50" type="stmt"/>
        <line num="12" count="50" type="stmt"/>
        <line num="13" count="50" type="stmt"/>
        <line num="15" count="50" type="stmt"/>
      </file>
    </package>
    <package name="src.shared.errors">
      <metrics statements="11" coveredstatements="11" conditionals="2" coveredconditionals="2" methods="4" coveredmethods="4"/>
      <file name="AppError.ts" path="/Users/sebastiengagne/Apps/dwmc-api/src/shared/errors/AppError.ts">
        <metrics statements="6" coveredstatements="6" conditionals="0" coveredconditionals="0" methods="2" coveredmethods="2"/>
        <line num="13" count="24" type="stmt"/>
        <line num="29" count="124" type="stmt"/>
        <line num="31" count="124" type="stmt"/>
        <line num="32" count="124" type="stmt"/>
        <line num="34" count="124" type="stmt"/>
        <line num="35" count="124" type="stmt"/>
      </file>
      <file name="error-handler.ts" path="/Users/sebastiengagne/Apps/dwmc-api/src/shared/errors/error-handler.ts">
        <metrics statements="5" coveredstatements="5" conditionals="2" coveredconditionals="2" methods="2" coveredmethods="2"/>
        <line num="11" count="24" type="stmt"/>
        <line num="12" count="128" type="cond" truecount="2" falsecount="0"/>
        <line num="13" count="124" type="stmt"/>
        <line num="16" count="4" type="stmt"/>
        <line num="17" count="4" type="stmt"/>
      </file>
    </package>
    <package name="src.shared.http">
      <metrics statements="8" coveredstatements="8" conditionals="4" coveredconditionals="4" methods="8" coveredmethods="8"/>
      <file name="api-response.ts" path="/Users/sebastiengagne/Apps/dwmc-api/src/shared/http/api-response.ts">
        <metrics statements="8" coveredstatements="8" conditionals="4" coveredconditionals="4" methods="8" coveredmethods="8"/>
        <line num="11" count="24" type="stmt"/>
        <line num="12" count="286" type="stmt"/>
        <line num="16" count="24" type="stmt"/>
        <line num="17" count="18" type="stmt"/>
        <line num="21" count="24" type="stmt"/>
        <line num="22" count="14" type="stmt"/>
        <line num="26" count="24" type="stmt"/>
        <line num="27" count="132" type="stmt"/>
      </file>
    </package>
    <package name="src.shared.logger">
      <metrics statements="9" coveredstatements="9" conditionals="4" coveredconditionals="2" methods="2" coveredmethods="2"/>
      <file name="request-logger.ts" path="/Users/sebastiengagne/Apps/dwmc-api/src/shared/logger/request-logger.ts">
        <metrics statements="9" coveredstatements="9" conditionals="4" coveredconditionals="2" methods="2" coveredmethods="2"/>
        <line num="5" count="22" type="stmt"/>
        <line num="6" count="442" type="stmt"/>
        <line num="7" count="442" type="stmt"/>
        <line num="8" count="442" type="stmt"/>
        <line num="9" count="442" type="stmt"/>
        <line num="10" count="442" type="stmt"/>
        <line num="12" count="442" type="stmt"/>
        <line num="13" count="442" type="stmt"/>
        <line num="15" count="442" type="stmt"/>
      </file>
    </package>
    <package name="src.shared.money">
      <metrics statements="15" coveredstatements="13" conditionals="24" coveredconditionals="15" methods="8" coveredmethods="6"/>
      <file name="decimal.ts" path="/Users/sebastiengagne/Apps/dwmc-api/src/shared/money/decimal.ts">
        <metrics statements="15" coveredstatements="13" conditionals="24" coveredconditionals="15" methods="8" coveredmethods="6"/>
        <line num="3" count="24" type="stmt"/>
        <line num="4" count="66" type="stmt"/>
        <line num="7" count="24" type="stmt"/>
        <line num="10" count="0" type="cond" truecount="0" falsecount="6"/>
        <line num="11" count="0" type="stmt"/>
        <line num="15" count="24" type="stmt"/>
        <line num="16" count="484" type="stmt"/>
        <line num="17" count="484" type="stmt"/>
        <line num="19" count="484" type="cond" truecount="1" falsecount="1"/>
        <line num="21" count="484" type="cond" truecount="2" falsecount="0"/>
        <line num="22" count="484" type="stmt"/>
        <line num="23" count="484" type="cond" truecount="2" falsecount="2"/>
        <line num="25" count="484" type="cond" truecount="6" falsecount="0"/>
        <line num="27" count="484" type="cond" truecount="4" falsecount="0"/>
        <line num="30" count="400" type="stmt"/>
      </file>
    </package>
    <package name="src.shared.validation">
      <metrics statements="13" coveredstatements="12" conditionals="4" coveredconditionals="4" methods="6" coveredmethods="5"/>
      <file name="pagination.ts" path="/Users/sebastiengagne/Apps/dwmc-api/src/shared/validation/pagination.ts">
        <metrics statements="1" coveredstatements="1" conditionals="0" coveredconditionals="0" methods="0" coveredmethods="0"/>
        <line num="3" count="22" type="stmt"/>
      </file>
      <file name="validate.ts" path="/Users/sebastiengagne/Apps/dwmc-api/src/shared/validation/validate.ts">
        <metrics statements="12" coveredstatements="11" conditionals="4" coveredconditionals="4" methods="6" coveredmethods="5"/>
        <line num="11" count="22" type="stmt"/>
        <line num="12" count="190" type="stmt"/>
        <line num="13" count="190" type="cond" truecount="2" falsecount="0"/>
        <line num="14" count="8" type="stmt"/>
        <line num="22" count="182" type="stmt"/>
        <line num="29" count="22" type="stmt"/>
        <line num="33" count="236" type="stmt"/>
        <line num="34" count="0" type="stmt"/>
        <line num="37" count="236" type="stmt"/>
        <line num="38" count="236" type="cond" truecount="2" falsecount="0"/>
        <line num="39" count="28" type="stmt"/>
        <line num="47" count="208" type="stmt"/>
      </file>
    </package>
    <package name="src.tests">
      <metrics statements="13" coveredstatements="12" conditionals="5" coveredconditionals="4" methods="8" coveredmethods="8"/>
      <file name="test-utils.ts" path="/Users/sebastiengagne/Apps/dwmc-api/src/tests/test-utils.ts">
        <metrics statements="13" coveredstatements="12" conditionals="5" coveredconditionals="4" methods="8" coveredmethods="8"/>
        <line num="1" count="14" type="stmt"/>
        <line num="8" count="14" type="stmt"/>
        <line num="14" count="14" type="stmt"/>
        <line num="20" count="14" type="stmt"/>
        <line num="21" count="400" type="stmt"/>
        <line num="24" count="14" type="stmt"/>
        <line num="25" count="810" type="stmt"/>
        <line num="28" count="14" type="stmt"/>
        <line num="41" count="226" type="stmt"/>
        <line num="42" count="400" type="stmt"/>
        <line num="43" count="400" type="cond" truecount="1" falsecount="1"/>
        <line num="44" count="400" type="stmt"/>
        <line num="47" count="0" type="stmt"/>
      </file>
    </package>
  </project>
</coverage>
