{
    "/Users/sebastiengagne/Apps/dwmc-api/src/app.ts": {
        "path": "/Users/sebastiengagne/Apps/dwmc-api/src/app.ts",
        "statementMap": {
            "0": { "start": { "line": 20, "column": 12 }, "end": { "line": 20, "column": 35 } },
            "1": { "start": { "line": 24, "column": 0 }, "end": { "line": 30, "column": null } },
            "2": { "start": { "line": 28, "column": 24 }, "end": { "line": 28, "column": 96 } },
            "3": { "start": { "line": 31, "column": 0 }, "end": { "line": 31, "column": null } },
            "4": { "start": { "line": 32, "column": 0 }, "end": { "line": 39, "column": null } },
            "5": { "start": { "line": 40, "column": 0 }, "end": { "line": 40, "column": null } },
            "6": { "start": { "line": 44, "column": 0 }, "end": { "line": 44, "column": null } },
            "7": { "start": { "line": 49, "column": 0 }, "end": { "line": 51, "column": null } },
            "8": { "start": { "line": 50, "column": 4 }, "end": { "line": 50, "column": null } },
            "9": { "start": { "line": 57, "column": 0 }, "end": { "line": 64, "column": null } },
            "10": { "start": { "line": 58, "column": 4 }, "end": { "line": 63, "column": null } },
            "11": { "start": { "line": 59, "column": 8 }, "end": { "line": 59, "column": null } },
            "12": { "start": { "line": 60, "column": 8 }, "end": { "line": 60, "column": null } },
            "13": { "start": { "line": 62, "column": 8 }, "end": { "line": 62, "column": null } },
            "14": { "start": { "line": 68, "column": 0 }, "end": { "line": 68, "column": null } },
            "15": { "start": { "line": 69, "column": 0 }, "end": { "line": 69, "column": null } },
            "16": { "start": { "line": 70, "column": 0 }, "end": { "line": 70, "column": null } },
            "17": { "start": { "line": 71, "column": 0 }, "end": { "line": 71, "column": null } },
            "18": { "start": { "line": 72, "column": 0 }, "end": { "line": 72, "column": null } },
            "19": { "start": { "line": 73, "column": 0 }, "end": { "line": 73, "column": null } },
            "20": { "start": { "line": 74, "column": 0 }, "end": { "line": 74, "column": null } },
            "21": { "start": { "line": 75, "column": 0 }, "end": { "line": 75, "column": null } },
            "22": { "start": { "line": 20, "column": 12 }, "end": { "line": 20, "column": null } },
            "23": { "start": { "line": 28, "column": 24 }, "end": { "line": 28, "column": null } }
        },
        "fnMap": {
            "0": {
                "name": "(anonymous_0)",
                "decl": {
                    "start": { "line": 28, "column": 17 },
                    "end": { "line": 28, "column": 18 }
                },
                "loc": {
                    "start": { "line": 28, "column": 24 },
                    "end": { "line": 28, "column": 96 }
                },
                "line": 28
            },
            "1": {
                "name": "(anonymous_1)",
                "decl": {
                    "start": { "line": 49, "column": 19 },
                    "end": { "line": 49, "column": 20 }
                },
                "loc": {
                    "start": { "line": 49, "column": 25 },
                    "end": { "line": 51, "column": 1 }
                },
                "line": 49
            },
            "2": {
                "name": "(anonymous_2)",
                "decl": {
                    "start": { "line": 57, "column": 18 },
                    "end": { "line": 57, "column": 23 }
                },
                "loc": {
                    "start": { "line": 57, "column": 30 },
                    "end": { "line": 64, "column": 1 }
                },
                "line": 57
            },
            "3": {
                "name": "(anonymous_0)",
                "decl": {
                    "start": { "line": 28, "column": 8 },
                    "end": { "line": 28, "column": 18 }
                },
                "loc": {
                    "start": { "line": 28, "column": 24 },
                    "end": { "line": 28, "column": null }
                },
                "line": 28
            },
            "4": {
                "name": "(anonymous_1)",
                "decl": {
                    "start": { "line": 49, "column": 8 },
                    "end": { "line": 49, "column": 20 }
                },
                "loc": {
                    "start": { "line": 49, "column": 26 },
                    "end": { "line": 51, "column": 1 }
                },
                "line": 49
            },
            "5": {
                "name": "(anonymous_2)",
                "decl": {
                    "start": { "line": 57, "column": 18 },
                    "end": { "line": 57, "column": 25 }
                },
                "loc": {
                    "start": { "line": 57, "column": 31 },
                    "end": { "line": 64, "column": 1 }
                },
                "line": 57
            }
        },
        "branchMap": {},
        "s": {
            "0": 22,
            "1": 22,
            "2": 2,
            "3": 22,
            "4": 22,
            "5": 22,
            "6": 22,
            "7": 22,
            "8": 6,
            "9": 22,
            "10": 4,
            "11": 4,
            "12": 2,
            "13": 2,
            "14": 22,
            "15": 22,
            "16": 22,
            "17": 22,
            "18": 22,
            "19": 22,
            "20": 22,
            "21": 22,
            "22": 11,
            "23": 12
        },
        "f": { "0": 2, "1": 3, "2": 2, "3": 1, "4": 6, "5": 4 },
        "b": {},
        "meta": {
            "lastBranch": 0,
            "lastFunction": 3,
            "lastStatement": 22,
            "seen": {
                "s:20:12:20:35": 0,
                "s:24:0:30:Infinity": 1,
                "f:28:17:28:18": 0,
                "s:28:24:28:96": 2,
                "s:31:0:31:Infinity": 3,
                "s:32:0:39:Infinity": 4,
                "s:40:0:40:Infinity": 5,
                "s:44:0:44:Infinity": 6,
                "s:49:0:51:Infinity": 7,
                "f:49:19:49:20": 1,
                "s:50:4:50:Infinity": 8,
                "s:57:0:64:Infinity": 9,
                "f:57:18:57:23": 2,
                "s:58:4:63:Infinity": 10,
                "s:59:8:59:Infinity": 11,
                "s:60:8:60:Infinity": 12,
                "s:62:8:62:Infinity": 13,
                "s:68:0:68:Infinity": 14,
                "s:69:0:69:Infinity": 15,
                "s:70:0:70:Infinity": 16,
                "s:71:0:71:Infinity": 17,
                "s:72:0:72:Infinity": 18,
                "s:73:0:73:Infinity": 19,
                "s:74:0:74:Infinity": 20,
                "s:75:0:75:Infinity": 21
            },
            "fnNames": {}
        }
    },
    "/Users/sebastiengagne/Apps/dwmc-api/src/config/env.ts": {
        "path": "/Users/sebastiengagne/Apps/dwmc-api/src/config/env.ts",
        "statementMap": {
            "0": { "start": { "line": 4, "column": 18 }, "end": { "line": 11, "column": 2 } },
            "1": { "start": { "line": 13, "column": 15 }, "end": { "line": 13, "column": 47 } },
            "2": { "start": { "line": 15, "column": 0 }, "end": { "line": 19, "column": null } },
            "3": { "start": { "line": 17, "column": 4 }, "end": { "line": 17, "column": null } },
            "4": { "start": { "line": 18, "column": 4 }, "end": { "line": 18, "column": null } },
            "5": { "start": { "line": 21, "column": 19 }, "end": { "line": 21, "column": 30 } },
            "6": { "start": { "line": 4, "column": 18 }, "end": { "line": 11, "column": null } },
            "7": { "start": { "line": 13, "column": 15 }, "end": { "line": 13, "column": null } },
            "8": { "start": { "line": 21, "column": 19 }, "end": { "line": 21, "column": null } }
        },
        "fnMap": {},
        "branchMap": {
            "0": {
                "loc": {
                    "start": { "line": 15, "column": 0 },
                    "end": { "line": 19, "column": null }
                },
                "type": "if",
                "locations": [
                    { "start": { "line": 15, "column": 0 }, "end": { "line": 19, "column": null } },
                    { "start": {}, "end": {} }
                ],
                "line": 15
            }
        },
        "s": { "0": 22, "1": 22, "2": 22, "3": 0, "4": 0, "5": 22, "6": 11, "7": 11, "8": 11 },
        "f": {},
        "b": { "0": [0, 22] },
        "meta": {
            "lastBranch": 1,
            "lastFunction": 0,
            "lastStatement": 6,
            "seen": {
                "s:4:18:11:2": 0,
                "s:13:15:13:47": 1,
                "b:15:0:19:Infinity:undefined:undefined:undefined:undefined": 0,
                "s:15:0:19:Infinity": 2,
                "s:17:4:17:Infinity": 3,
                "s:18:4:18:Infinity": 4,
                "s:21:19:21:30": 5
            },
            "fnNames": {}
        }
    },
    "/Users/sebastiengagne/Apps/dwmc-api/src/db/prisma.ts": {
        "path": "/Users/sebastiengagne/Apps/dwmc-api/src/db/prisma.ts",
        "statementMap": {
            "0": { "start": { "line": 5, "column": 24 }, "end": { "line": 5, "column": 73 } },
            "1": { "start": { "line": 7, "column": 22 }, "end": { "line": 7, "column": 66 } },
            "2": { "start": { "line": 9, "column": 0 }, "end": { "line": 11, "column": null } },
            "3": { "start": { "line": 10, "column": 4 }, "end": { "line": 10, "column": null } },
            "4": { "start": { "line": 5, "column": 24 }, "end": { "line": 5, "column": null } },
            "5": { "start": { "line": 7, "column": 22 }, "end": { "line": 7, "column": null } }
        },
        "fnMap": {},
        "branchMap": {
            "0": {
                "loc": { "start": { "line": 7, "column": 22 }, "end": { "line": 7, "column": 66 } },
                "type": "binary-expr",
                "locations": [
                    { "start": { "line": 7, "column": 22 }, "end": { "line": 7, "column": 44 } },
                    { "start": { "line": 7, "column": 48 }, "end": { "line": 7, "column": 66 } }
                ],
                "line": 7
            },
            "1": {
                "loc": {
                    "start": { "line": 9, "column": 0 },
                    "end": { "line": 11, "column": null }
                },
                "type": "if",
                "locations": [
                    { "start": { "line": 9, "column": 0 }, "end": { "line": 11, "column": null } },
                    { "start": {}, "end": {} }
                ],
                "line": 9
            },
            "2": {
                "loc": {
                    "start": { "line": 7, "column": 22 },
                    "end": { "line": 7, "column": null }
                },
                "type": "binary-expr",
                "locations": [
                    { "start": { "line": 7, "column": 22 }, "end": { "line": 7, "column": 48 } },
                    { "start": { "line": 7, "column": 48 }, "end": { "line": 7, "column": null } }
                ],
                "line": 7
            }
        },
        "s": { "0": 4, "1": 4, "2": 4, "3": 4, "4": 2, "5": 2 },
        "f": {},
        "b": { "0": [4, 4], "1": [4, 0], "2": [2, 2] },
        "meta": {
            "lastBranch": 2,
            "lastFunction": 0,
            "lastStatement": 4,
            "seen": {
                "s:5:24:5:73": 0,
                "s:7:22:7:66": 1,
                "b:7:22:7:44:7:48:7:66": 0,
                "b:9:0:11:Infinity:undefined:undefined:undefined:undefined": 1,
                "s:9:0:11:Infinity": 2,
                "s:10:4:10:Infinity": 3
            },
            "fnNames": {}
        }
    },
    "/Users/sebastiengagne/Apps/dwmc-api/src/lib/supabase.ts": {
        "path": "/Users/sebastiengagne/Apps/dwmc-api/src/lib/supabase.ts",
        "statementMap": {
            "0": { "start": { "line": 11, "column": 24 }, "end": { "line": 11, "column": 77 } },
            "1": { "start": { "line": 11, "column": 24 }, "end": { "line": 11, "column": null } }
        },
        "fnMap": {},
        "branchMap": {},
        "s": { "0": 6, "1": 3 },
        "f": {},
        "b": {},
        "meta": {
            "lastBranch": 0,
            "lastFunction": 0,
            "lastStatement": 1,
            "seen": { "s:11:24:11:77": 0 },
            "fnNames": {}
        }
    },
    "/Users/sebastiengagne/Apps/dwmc-api/src/modules/accounts/account-balance.repository.ts": {
        "path": "/Users/sebastiengagne/Apps/dwmc-api/src/modules/accounts/account-balance.repository.ts",
        "statementMap": {
            "0": { "start": { "line": 3, "column": 45 }, "end": { "line": 22, "column": 1 } },
            "1": { "start": { "line": 7, "column": 4 }, "end": { "line": 7, "column": null } },
            "2": { "start": { "line": 7, "column": 33 }, "end": { "line": 7, "column": null } },
            "3": { "start": { "line": 9, "column": 4 }, "end": { "line": 21, "column": null } },
            "4": { "start": { "line": 3, "column": 45 }, "end": { "line": 22, "column": null } }
        },
        "fnMap": {
            "0": {
                "name": "(anonymous_0)",
                "decl": {
                    "start": { "line": 3, "column": 45 },
                    "end": { "line": 3, "column": 50 }
                },
                "loc": { "start": { "line": 6, "column": 4 }, "end": { "line": 22, "column": 1 } },
                "line": 6
            },
            "1": {
                "name": "(anonymous_0)",
                "decl": {
                    "start": { "line": 3, "column": 45 },
                    "end": { "line": 3, "column": null }
                },
                "loc": {
                    "start": { "line": 6, "column": 5 },
                    "end": { "line": 22, "column": null }
                },
                "line": 6
            }
        },
        "branchMap": {
            "0": {
                "loc": {
                    "start": { "line": 7, "column": 4 },
                    "end": { "line": 7, "column": null }
                },
                "type": "if",
                "locations": [
                    { "start": { "line": 7, "column": 4 }, "end": { "line": 7, "column": null } },
                    { "start": {}, "end": {} }
                ],
                "line": 7
            }
        },
        "s": { "0": 22, "1": 84, "2": 2, "3": 82, "4": 11 },
        "f": { "0": 42, "1": 42 },
        "b": { "0": [2, 82] },
        "meta": {
            "lastBranch": 1,
            "lastFunction": 1,
            "lastStatement": 4,
            "seen": {
                "s:3:45:22:1": 0,
                "f:3:45:3:50": 0,
                "b:7:4:7:Infinity:undefined:undefined:undefined:undefined": 0,
                "s:7:4:7:Infinity": 1,
                "s:7:33:7:Infinity": 2,
                "s:9:4:21:Infinity": 3
            },
            "fnNames": {}
        }
    },
    "/Users/sebastiengagne/Apps/dwmc-api/src/modules/accounts/account-balance.service.ts": {
        "path": "/Users/sebastiengagne/Apps/dwmc-api/src/modules/accounts/account-balance.service.ts",
        "statementMap": {
            "0": { "start": { "line": 7, "column": 40 }, "end": { "line": 36, "column": 1 } },
            "1": { "start": { "line": 11, "column": 19 }, "end": { "line": 13, "column": null } },
            "2": { "start": { "line": 13, "column": 34 }, "end": { "line": 13, "column": 44 } },
            "3": { "start": { "line": 15, "column": 21 }, "end": { "line": 15, "column": 46 } },
            "4": { "start": { "line": 17, "column": 16 }, "end": { "line": 19, "column": 5 } },
            "5": { "start": { "line": 18, "column": 8 }, "end": { "line": 18, "column": null } },
            "6": { "start": { "line": 21, "column": 4 }, "end": { "line": 28, "column": null } },
            "7": { "start": { "line": 22, "column": 23 }, "end": { "line": 22, "column": 54 } },
            "8": { "start": { "line": 23, "column": 8 }, "end": { "line": 23, "column": null } },
            "9": { "start": { "line": 23, "column": 56 }, "end": { "line": 23, "column": null } },
            "10": { "start": { "line": 24, "column": 8 }, "end": { "line": 24, "column": null } },
            "11": { "start": { "line": 24, "column": 57 }, "end": { "line": 24, "column": null } },
            "12": { "start": { "line": 25, "column": 8 }, "end": { "line": 25, "column": null } },
            "13": { "start": { "line": 25, "column": 60 }, "end": { "line": 25, "column": null } },
            "14": { "start": { "line": 26, "column": 8 }, "end": { "line": 26, "column": null } },
            "15": { "start": { "line": 26, "column": 60 }, "end": { "line": 26, "column": null } },
            "16": { "start": { "line": 27, "column": 8 }, "end": { "line": 27, "column": null } },
            "17": { "start": { "line": 27, "column": 62 }, "end": { "line": 27, "column": null } },
            "18": { "start": { "line": 30, "column": 4 }, "end": { "line": 35, "column": null } },
            "19": { "start": { "line": 31, "column": 34 }, "end": { "line": 34, "column": 10 } },
            "20": { "start": { "line": 38, "column": 39 }, "end": { "line": 47, "column": 1 } },
            "21": { "start": { "line": 43, "column": 21 }, "end": { "line": 45, "column": 6 } },
            "22": { "start": { "line": 46, "column": 4 }, "end": { "line": 46, "column": null } },
            "23": { "start": { "line": 7, "column": 40 }, "end": { "line": 36, "column": null } },
            "24": { "start": { "line": 11, "column": 19 }, "end": { "line": 14, "column": null } },
            "25": { "start": { "line": 15, "column": 21 }, "end": { "line": 15, "column": null } },
            "26": { "start": { "line": 17, "column": 10 }, "end": { "line": 19, "column": null } },
            "27": { "start": { "line": 22, "column": 23 }, "end": { "line": 22, "column": null } },
            "28": { "start": { "line": 31, "column": 34 }, "end": { "line": 34, "column": 9 } },
            "29": { "start": { "line": 38, "column": 39 }, "end": { "line": 47, "column": null } },
            "30": { "start": { "line": 43, "column": 21 }, "end": { "line": 45, "column": null } }
        },
        "fnMap": {
            "0": {
                "name": "(anonymous_0)",
                "decl": {
                    "start": { "line": 7, "column": 40 },
                    "end": { "line": 7, "column": 45 }
                },
                "loc": { "start": { "line": 10, "column": 4 }, "end": { "line": 36, "column": 1 } },
                "line": 10
            },
            "1": {
                "name": "(anonymous_1)",
                "decl": {
                    "start": { "line": 13, "column": 21 },
                    "end": { "line": 13, "column": 22 }
                },
                "loc": {
                    "start": { "line": 13, "column": 34 },
                    "end": { "line": 13, "column": 44 }
                },
                "line": 13
            },
            "2": {
                "name": "(anonymous_2)",
                "decl": {
                    "start": { "line": 17, "column": 16 },
                    "end": { "line": 17, "column": 17 }
                },
                "loc": {
                    "start": { "line": 17, "column": 54 },
                    "end": { "line": 19, "column": 5 }
                },
                "line": 17
            },
            "3": {
                "name": "(anonymous_3)",
                "decl": {
                    "start": { "line": 31, "column": 21 },
                    "end": { "line": 31, "column": 22 }
                },
                "loc": {
                    "start": { "line": 31, "column": 34 },
                    "end": { "line": 34, "column": 10 }
                },
                "line": 31
            },
            "4": {
                "name": "(anonymous_4)",
                "decl": {
                    "start": { "line": 38, "column": 39 },
                    "end": { "line": 38, "column": 44 }
                },
                "loc": { "start": { "line": 42, "column": 4 }, "end": { "line": 47, "column": 1 } },
                "line": 42
            },
            "5": {
                "name": "(anonymous_0)",
                "decl": {
                    "start": { "line": 7, "column": 40 },
                    "end": { "line": 7, "column": null }
                },
                "loc": {
                    "start": { "line": 10, "column": 5 },
                    "end": { "line": 36, "column": null }
                },
                "line": 10
            },
            "6": {
                "name": "(anonymous_2)",
                "decl": {
                    "start": { "line": 17, "column": 10 },
                    "end": { "line": 17, "column": 17 }
                },
                "loc": {
                    "start": { "line": 17, "column": 55 },
                    "end": { "line": 19, "column": null }
                },
                "line": 17
            },
            "7": {
                "name": "(anonymous_3)",
                "decl": {
                    "start": { "line": 31, "column": 17 },
                    "end": { "line": 31, "column": 22 }
                },
                "loc": {
                    "start": { "line": 31, "column": 34 },
                    "end": { "line": 34, "column": 9 }
                },
                "line": 31
            },
            "8": {
                "name": "(anonymous_4)",
                "decl": {
                    "start": { "line": 38, "column": 39 },
                    "end": { "line": 38, "column": null }
                },
                "loc": {
                    "start": { "line": 42, "column": 5 },
                    "end": { "line": 47, "column": null }
                },
                "line": 42
            }
        },
        "branchMap": {
            "0": {
                "loc": {
                    "start": { "line": 18, "column": 33 },
                    "end": { "line": 18, "column": 62 }
                },
                "type": "binary-expr",
                "locations": [
                    { "start": { "line": 18, "column": 33 }, "end": { "line": 18, "column": 56 } },
                    { "start": { "line": 18, "column": 60 }, "end": { "line": 18, "column": 62 } }
                ],
                "line": 18
            },
            "1": {
                "loc": {
                    "start": { "line": 22, "column": 31 },
                    "end": { "line": 22, "column": 53 }
                },
                "type": "binary-expr",
                "locations": [
                    { "start": { "line": 22, "column": 31 }, "end": { "line": 22, "column": 48 } },
                    { "start": { "line": 22, "column": 52 }, "end": { "line": 22, "column": 53 } }
                ],
                "line": 22
            },
            "2": {
                "loc": {
                    "start": { "line": 23, "column": 8 },
                    "end": { "line": 23, "column": null }
                },
                "type": "if",
                "locations": [
                    { "start": { "line": 23, "column": 8 }, "end": { "line": 23, "column": null } },
                    { "start": {}, "end": {} }
                ],
                "line": 23
            },
            "3": {
                "loc": {
                    "start": { "line": 23, "column": 12 },
                    "end": { "line": 23, "column": 54 }
                },
                "type": "binary-expr",
                "locations": [
                    { "start": { "line": 23, "column": 12 }, "end": { "line": 23, "column": 35 } },
                    { "start": { "line": 23, "column": 39 }, "end": { "line": 23, "column": 54 } }
                ],
                "line": 23
            },
            "4": {
                "loc": {
                    "start": { "line": 24, "column": 8 },
                    "end": { "line": 24, "column": null }
                },
                "type": "if",
                "locations": [
                    { "start": { "line": 24, "column": 8 }, "end": { "line": 24, "column": null } },
                    { "start": {}, "end": {} }
                ],
                "line": 24
            },
            "5": {
                "loc": {
                    "start": { "line": 24, "column": 12 },
                    "end": { "line": 24, "column": 55 }
                },
                "type": "binary-expr",
                "locations": [
                    { "start": { "line": 24, "column": 12 }, "end": { "line": 24, "column": 36 } },
                    { "start": { "line": 24, "column": 40 }, "end": { "line": 24, "column": 55 } }
                ],
                "line": 24
            },
            "6": {
                "loc": {
                    "start": { "line": 25, "column": 8 },
                    "end": { "line": 25, "column": null }
                },
                "type": "if",
                "locations": [
                    { "start": { "line": 25, "column": 8 }, "end": { "line": 25, "column": null } },
                    { "start": {}, "end": {} }
                ],
                "line": 25
            },
            "7": {
                "loc": {
                    "start": { "line": 25, "column": 12 },
                    "end": { "line": 25, "column": 58 }
                },
                "type": "binary-expr",
                "locations": [
                    { "start": { "line": 25, "column": 12 }, "end": { "line": 25, "column": 39 } },
                    { "start": { "line": 25, "column": 43 }, "end": { "line": 25, "column": 58 } }
                ],
                "line": 25
            },
            "8": {
                "loc": {
                    "start": { "line": 26, "column": 8 },
                    "end": { "line": 26, "column": null }
                },
                "type": "if",
                "locations": [
                    { "start": { "line": 26, "column": 8 }, "end": { "line": 26, "column": null } },
                    { "start": {}, "end": {} }
                ],
                "line": 26
            },
            "9": {
                "loc": {
                    "start": { "line": 26, "column": 12 },
                    "end": { "line": 26, "column": 58 }
                },
                "type": "binary-expr",
                "locations": [
                    { "start": { "line": 26, "column": 12 }, "end": { "line": 26, "column": 37 } },
                    { "start": { "line": 26, "column": 41 }, "end": { "line": 26, "column": 58 } }
                ],
                "line": 26
            },
            "10": {
                "loc": {
                    "start": { "line": 27, "column": 8 },
                    "end": { "line": 27, "column": null }
                },
                "type": "if",
                "locations": [
                    { "start": { "line": 27, "column": 8 }, "end": { "line": 27, "column": null } },
                    { "start": {}, "end": {} }
                ],
                "line": 27
            },
            "11": {
                "loc": {
                    "start": { "line": 27, "column": 12 },
                    "end": { "line": 27, "column": 60 }
                },
                "type": "binary-expr",
                "locations": [
                    { "start": { "line": 27, "column": 12 }, "end": { "line": 27, "column": 37 } },
                    { "start": { "line": 27, "column": 41 }, "end": { "line": 27, "column": 60 } }
                ],
                "line": 27
            },
            "12": {
                "loc": {
                    "start": { "line": 33, "column": 58 },
                    "end": { "line": 33, "column": 88 }
                },
                "type": "binary-expr",
                "locations": [
                    { "start": { "line": 33, "column": 58 }, "end": { "line": 33, "column": 82 } },
                    { "start": { "line": 33, "column": 86 }, "end": { "line": 33, "column": 88 } }
                ],
                "line": 33
            },
            "13": {
                "loc": {
                    "start": { "line": 46, "column": 11 },
                    "end": { "line": 46, "column": 53 }
                },
                "type": "binary-expr",
                "locations": [
                    { "start": { "line": 46, "column": 11 }, "end": { "line": 46, "column": 34 } },
                    { "start": { "line": 46, "column": 38 }, "end": { "line": 46, "column": 53 } }
                ],
                "line": 46
            },
            "14": {
                "loc": {
                    "start": { "line": 18, "column": 33 },
                    "end": { "line": 18, "column": 66 }
                },
                "type": "binary-expr",
                "locations": [
                    { "start": { "line": 18, "column": 33 }, "end": { "line": 18, "column": 60 } },
                    { "start": { "line": 18, "column": 60 }, "end": { "line": 18, "column": 66 } }
                ],
                "line": 18
            },
            "15": {
                "loc": {
                    "start": { "line": 22, "column": 31 },
                    "end": { "line": 22, "column": 53 }
                },
                "type": "binary-expr",
                "locations": [
                    { "start": { "line": 22, "column": 31 }, "end": { "line": 22, "column": 52 } },
                    { "start": { "line": 22, "column": 52 }, "end": { "line": 22, "column": 53 } }
                ],
                "line": 22
            },
            "16": {
                "loc": {
                    "start": { "line": 23, "column": 12 },
                    "end": { "line": 23, "column": 56 }
                },
                "type": "binary-expr",
                "locations": [
                    { "start": { "line": 23, "column": 12 }, "end": { "line": 23, "column": 39 } },
                    { "start": { "line": 23, "column": 39 }, "end": { "line": 23, "column": 56 } }
                ],
                "line": 23
            },
            "17": {
                "loc": {
                    "start": { "line": 24, "column": 12 },
                    "end": { "line": 24, "column": 57 }
                },
                "type": "binary-expr",
                "locations": [
                    { "start": { "line": 24, "column": 12 }, "end": { "line": 24, "column": 40 } },
                    { "start": { "line": 24, "column": 40 }, "end": { "line": 24, "column": 57 } }
                ],
                "line": 24
            },
            "18": {
                "loc": {
                    "start": { "line": 25, "column": 12 },
                    "end": { "line": 25, "column": 60 }
                },
                "type": "binary-expr",
                "locations": [
                    { "start": { "line": 25, "column": 12 }, "end": { "line": 25, "column": 43 } },
                    { "start": { "line": 25, "column": 43 }, "end": { "line": 25, "column": 60 } }
                ],
                "line": 25
            },
            "19": {
                "loc": {
                    "start": { "line": 26, "column": 12 },
                    "end": { "line": 26, "column": 60 }
                },
                "type": "binary-expr",
                "locations": [
                    { "start": { "line": 26, "column": 12 }, "end": { "line": 26, "column": 41 } },
                    { "start": { "line": 26, "column": 41 }, "end": { "line": 26, "column": 60 } }
                ],
                "line": 26
            },
            "20": {
                "loc": {
                    "start": { "line": 27, "column": 12 },
                    "end": { "line": 27, "column": 62 }
                },
                "type": "binary-expr",
                "locations": [
                    { "start": { "line": 27, "column": 12 }, "end": { "line": 27, "column": 41 } },
                    { "start": { "line": 27, "column": 41 }, "end": { "line": 27, "column": 62 } }
                ],
                "line": 27
            },
            "21": {
                "loc": {
                    "start": { "line": 33, "column": 58 },
                    "end": { "line": 33, "column": 89 }
                },
                "type": "binary-expr",
                "locations": [
                    { "start": { "line": 33, "column": 58 }, "end": { "line": 33, "column": 86 } },
                    { "start": { "line": 33, "column": 86 }, "end": { "line": 33, "column": 89 } }
                ],
                "line": 33
            },
            "22": {
                "loc": {
                    "start": { "line": 46, "column": 11 },
                    "end": { "line": 46, "column": null }
                },
                "type": "binary-expr",
                "locations": [
                    { "start": { "line": 46, "column": 11 }, "end": { "line": 46, "column": 38 } },
                    { "start": { "line": 46, "column": 38 }, "end": { "line": 46, "column": null } }
                ],
                "line": 46
            }
        },
        "s": {
            "0": 22,
            "1": 84,
            "2": 84,
            "3": 84,
            "4": 84,
            "5": 334,
            "6": 84,
            "7": 330,
            "8": 330,
            "9": 64,
            "10": 330,
            "11": 68,
            "12": 330,
            "13": 66,
            "14": 330,
            "15": 68,
            "16": 330,
            "17": 68,
            "18": 84,
            "19": 84,
            "20": 22,
            "21": 74,
            "22": 74,
            "23": 11,
            "24": 53,
            "25": 53,
            "26": 53,
            "27": 207,
            "28": 84,
            "29": 11,
            "30": 48
        },
        "f": { "0": 42, "1": 84, "2": 209, "3": 84, "4": 37, "5": 42, "6": 209, "7": 84, "8": 37 },
        "b": {
            "0": [334, 78],
            "1": [330, 0],
            "2": [64, 266],
            "3": [330, 64],
            "4": [68, 262],
            "5": [330, 68],
            "6": [66, 264],
            "7": [330, 66],
            "8": [68, 262],
            "9": [330, 132],
            "10": [68, 262],
            "11": [330, 132],
            "12": [84, 20],
            "13": [74, 0],
            "14": [167, 39],
            "15": [330, 0],
            "16": [197, 165],
            "17": [199, 165],
            "18": [198, 165],
            "19": [199, 197],
            "20": [199, 197],
            "21": [42, 10],
            "22": [37, 0]
        },
        "meta": {
            "lastBranch": 14,
            "lastFunction": 5,
            "lastStatement": 23,
            "seen": {
                "s:7:40:36:1": 0,
                "f:7:40:7:45": 0,
                "s:11:19:13:Infinity": 1,
                "f:13:21:13:22": 1,
                "s:13:34:13:44": 2,
                "s:15:21:15:46": 3,
                "s:17:16:19:5": 4,
                "f:17:16:17:17": 2,
                "s:18:8:18:Infinity": 5,
                "b:18:33:18:56:18:60:18:62": 0,
                "s:21:4:28:Infinity": 6,
                "s:22:23:22:54": 7,
                "b:22:31:22:48:22:52:22:53": 1,
                "b:23:8:23:Infinity:undefined:undefined:undefined:undefined": 2,
                "s:23:8:23:Infinity": 8,
                "b:23:12:23:35:23:39:23:54": 3,
                "s:23:56:23:Infinity": 9,
                "b:24:8:24:Infinity:undefined:undefined:undefined:undefined": 4,
                "s:24:8:24:Infinity": 10,
                "b:24:12:24:36:24:40:24:55": 5,
                "s:24:57:24:Infinity": 11,
                "b:25:8:25:Infinity:undefined:undefined:undefined:undefined": 6,
                "s:25:8:25:Infinity": 12,
                "b:25:12:25:39:25:43:25:58": 7,
                "s:25:60:25:Infinity": 13,
                "b:26:8:26:Infinity:undefined:undefined:undefined:undefined": 8,
                "s:26:8:26:Infinity": 14,
                "b:26:12:26:37:26:41:26:58": 9,
                "s:26:60:26:Infinity": 15,
                "b:27:8:27:Infinity:undefined:undefined:undefined:undefined": 10,
                "s:27:8:27:Infinity": 16,
                "b:27:12:27:37:27:41:27:60": 11,
                "s:27:62:27:Infinity": 17,
                "s:30:4:35:Infinity": 18,
                "f:31:21:31:22": 3,
                "s:31:34:34:10": 19,
                "b:33:58:33:82:33:86:33:88": 12,
                "s:38:39:47:1": 20,
                "f:38:39:38:44": 4,
                "s:43:21:45:6": 21,
                "s:46:4:46:Infinity": 22,
                "b:46:11:46:34:46:38:46:53": 13
            },
            "fnNames": {}
        }
    },
    "/Users/sebastiengagne/Apps/dwmc-api/src/modules/accounts/account.repository.ts": {
        "path": "/Users/sebastiengagne/Apps/dwmc-api/src/modules/accounts/account.repository.ts",
        "statementMap": {
            "0": { "start": { "line": 4, "column": 39 }, "end": { "line": 16, "column": 1 } },
            "1": { "start": { "line": 8, "column": 4 }, "end": { "line": 15, "column": null } },
            "2": { "start": { "line": 18, "column": 31 }, "end": { "line": 22, "column": 1 } },
            "3": { "start": { "line": 19, "column": 4 }, "end": { "line": 21, "column": null } },
            "4": { "start": { "line": 24, "column": 29 }, "end": { "line": 46, "column": 1 } },
            "5": { "start": { "line": 35, "column": 4 }, "end": { "line": 45, "column": null } },
            "6": { "start": { "line": 48, "column": 29 }, "end": { "line": 64, "column": 1 } },
            "7": { "start": { "line": 53, "column": 4 }, "end": { "line": 63, "column": null } },
            "8": { "start": { "line": 54, "column": 8 }, "end": { "line": 57, "column": null } },
            "9": { "start": { "line": 59, "column": 8 }, "end": { "line": 61, "column": null } },
            "10": { "start": { "line": 60, "column": 12 }, "end": { "line": 60, "column": null } },
            "11": { "start": { "line": 62, "column": 8 }, "end": { "line": 62, "column": null } },
            "12": { "start": { "line": 66, "column": 30 }, "end": { "line": 78, "column": 1 } },
            "13": { "start": { "line": 67, "column": 4 }, "end": { "line": 77, "column": null } },
            "14": { "start": { "line": 68, "column": 8 }, "end": { "line": 71, "column": null } },
            "15": { "start": { "line": 73, "column": 8 }, "end": { "line": 75, "column": null } },
            "16": { "start": { "line": 74, "column": 12 }, "end": { "line": 74, "column": null } },
            "17": { "start": { "line": 76, "column": 8 }, "end": { "line": 76, "column": null } },
            "18": { "start": { "line": 80, "column": 35 }, "end": { "line": 92, "column": 1 } },
            "19": { "start": { "line": 85, "column": 4 }, "end": { "line": 91, "column": null } },
            "20": { "start": { "line": 4, "column": 39 }, "end": { "line": 16, "column": null } },
            "21": { "start": { "line": 18, "column": 31 }, "end": { "line": 22, "column": null } },
            "22": { "start": { "line": 24, "column": 29 }, "end": { "line": 46, "column": null } },
            "23": { "start": { "line": 48, "column": 29 }, "end": { "line": 64, "column": null } },
            "24": { "start": { "line": 66, "column": 30 }, "end": { "line": 78, "column": null } },
            "25": { "start": { "line": 80, "column": 35 }, "end": { "line": 92, "column": null } }
        },
        "fnMap": {
            "0": {
                "name": "(anonymous_0)",
                "decl": {
                    "start": { "line": 4, "column": 39 },
                    "end": { "line": 4, "column": 44 }
                },
                "loc": { "start": { "line": 7, "column": 4 }, "end": { "line": 16, "column": 1 } },
                "line": 7
            },
            "1": {
                "name": "(anonymous_1)",
                "decl": {
                    "start": { "line": 18, "column": 31 },
                    "end": { "line": 18, "column": 36 }
                },
                "loc": {
                    "start": { "line": 18, "column": 75 },
                    "end": { "line": 22, "column": 1 }
                },
                "line": 18
            },
            "2": {
                "name": "(anonymous_2)",
                "decl": {
                    "start": { "line": 24, "column": 29 },
                    "end": { "line": 24, "column": 34 }
                },
                "loc": { "start": { "line": 34, "column": 4 }, "end": { "line": 46, "column": 1 } },
                "line": 34
            },
            "3": {
                "name": "(anonymous_3)",
                "decl": {
                    "start": { "line": 48, "column": 29 },
                    "end": { "line": 48, "column": 34 }
                },
                "loc": { "start": { "line": 52, "column": 4 }, "end": { "line": 64, "column": 1 } },
                "line": 52
            },
            "4": {
                "name": "(anonymous_4)",
                "decl": {
                    "start": { "line": 66, "column": 30 },
                    "end": { "line": 66, "column": 35 }
                },
                "loc": {
                    "start": { "line": 66, "column": 74 },
                    "end": { "line": 78, "column": 1 }
                },
                "line": 66
            },
            "5": {
                "name": "(anonymous_5)",
                "decl": {
                    "start": { "line": 80, "column": 35 },
                    "end": { "line": 80, "column": 40 }
                },
                "loc": { "start": { "line": 84, "column": 4 }, "end": { "line": 92, "column": 1 } },
                "line": 84
            },
            "6": {
                "name": "(anonymous_0)",
                "decl": {
                    "start": { "line": 4, "column": 39 },
                    "end": { "line": 4, "column": null }
                },
                "loc": {
                    "start": { "line": 7, "column": 5 },
                    "end": { "line": 16, "column": null }
                },
                "line": 7
            },
            "7": {
                "name": "(anonymous_1)",
                "decl": {
                    "start": { "line": 18, "column": 31 },
                    "end": { "line": 18, "column": 38 }
                },
                "loc": {
                    "start": { "line": 18, "column": 76 },
                    "end": { "line": 22, "column": null }
                },
                "line": 18
            },
            "8": {
                "name": "(anonymous_2)",
                "decl": {
                    "start": { "line": 24, "column": 29 },
                    "end": { "line": 24, "column": null }
                },
                "loc": {
                    "start": { "line": 34, "column": 5 },
                    "end": { "line": 46, "column": null }
                },
                "line": 34
            },
            "9": {
                "name": "(anonymous_3)",
                "decl": {
                    "start": { "line": 48, "column": 29 },
                    "end": { "line": 48, "column": null }
                },
                "loc": {
                    "start": { "line": 52, "column": 5 },
                    "end": { "line": 64, "column": null }
                },
                "line": 52
            },
            "10": {
                "name": "(anonymous_4)",
                "decl": {
                    "start": { "line": 66, "column": 30 },
                    "end": { "line": 66, "column": 37 }
                },
                "loc": {
                    "start": { "line": 66, "column": 75 },
                    "end": { "line": 78, "column": null }
                },
                "line": 66
            },
            "11": {
                "name": "(anonymous_5)",
                "decl": {
                    "start": { "line": 80, "column": 35 },
                    "end": { "line": 80, "column": null }
                },
                "loc": {
                    "start": { "line": 84, "column": 5 },
                    "end": { "line": 92, "column": null }
                },
                "line": 84
            }
        },
        "branchMap": {
            "0": {
                "loc": {
                    "start": { "line": 11, "column": 16 },
                    "end": { "line": 11, "column": 68 }
                },
                "type": "cond-expr",
                "locations": [
                    { "start": { "line": 11, "column": 42 }, "end": { "line": 11, "column": 44 } },
                    { "start": { "line": 11, "column": 47 }, "end": { "line": 11, "column": 68 } }
                ],
                "line": 11
            },
            "1": {
                "loc": {
                    "start": { "line": 12, "column": 16 },
                    "end": { "line": 12, "column": 58 }
                },
                "type": "cond-expr",
                "locations": [
                    { "start": { "line": 12, "column": 31 }, "end": { "line": 12, "column": 53 } },
                    { "start": { "line": 12, "column": 56 }, "end": { "line": 12, "column": 58 } }
                ],
                "line": 12
            },
            "2": {
                "loc": {
                    "start": { "line": 59, "column": 8 },
                    "end": { "line": 61, "column": null }
                },
                "type": "if",
                "locations": [
                    { "start": { "line": 59, "column": 8 }, "end": { "line": 61, "column": null } },
                    { "start": {}, "end": {} }
                ],
                "line": 59
            },
            "3": {
                "loc": {
                    "start": { "line": 59, "column": 12 },
                    "end": { "line": 59, "column": 83 }
                },
                "type": "binary-expr",
                "locations": [
                    { "start": { "line": 59, "column": 12 }, "end": { "line": 59, "column": 61 } },
                    { "start": { "line": 59, "column": 65 }, "end": { "line": 59, "column": 83 } }
                ],
                "line": 59
            },
            "4": {
                "loc": {
                    "start": { "line": 73, "column": 8 },
                    "end": { "line": 75, "column": null }
                },
                "type": "if",
                "locations": [
                    { "start": { "line": 73, "column": 8 }, "end": { "line": 75, "column": null } },
                    { "start": {}, "end": {} }
                ],
                "line": 73
            },
            "5": {
                "loc": {
                    "start": { "line": 73, "column": 12 },
                    "end": { "line": 73, "column": 83 }
                },
                "type": "binary-expr",
                "locations": [
                    { "start": { "line": 73, "column": 12 }, "end": { "line": 73, "column": 61 } },
                    { "start": { "line": 73, "column": 65 }, "end": { "line": 73, "column": 83 } }
                ],
                "line": 73
            },
            "6": {
                "loc": {
                    "start": { "line": 89, "column": 16 },
                    "end": { "line": 89, "column": 59 }
                },
                "type": "cond-expr",
                "locations": [
                    { "start": { "line": 89, "column": 28 }, "end": { "line": 89, "column": 54 } },
                    { "start": { "line": 89, "column": 57 }, "end": { "line": 89, "column": 59 } }
                ],
                "line": 89
            },
            "7": {
                "loc": {
                    "start": { "line": 11, "column": 16 },
                    "end": { "line": 11, "column": null }
                },
                "type": "cond-expr",
                "locations": [
                    { "start": { "line": 11, "column": 42 }, "end": { "line": 11, "column": 47 } },
                    { "start": { "line": 11, "column": 47 }, "end": { "line": 11, "column": null } }
                ],
                "line": 11
            },
            "8": {
                "loc": {
                    "start": { "line": 12, "column": 16 },
                    "end": { "line": 12, "column": null }
                },
                "type": "cond-expr",
                "locations": [
                    { "start": { "line": 12, "column": 31 }, "end": { "line": 12, "column": 56 } },
                    { "start": { "line": 12, "column": 56 }, "end": { "line": 12, "column": null } }
                ],
                "line": 12
            },
            "9": {
                "loc": {
                    "start": { "line": 59, "column": 12 },
                    "end": { "line": 59, "column": 85 }
                },
                "type": "binary-expr",
                "locations": [
                    { "start": { "line": 59, "column": 12 }, "end": { "line": 59, "column": 65 } },
                    { "start": { "line": 59, "column": 65 }, "end": { "line": 59, "column": 85 } }
                ],
                "line": 59
            },
            "10": {
                "loc": {
                    "start": { "line": 73, "column": 12 },
                    "end": { "line": 73, "column": 85 }
                },
                "type": "binary-expr",
                "locations": [
                    { "start": { "line": 73, "column": 12 }, "end": { "line": 73, "column": 65 } },
                    { "start": { "line": 73, "column": 65 }, "end": { "line": 73, "column": 85 } }
                ],
                "line": 73
            },
            "11": {
                "loc": {
                    "start": { "line": 89, "column": 16 },
                    "end": { "line": 89, "column": null }
                },
                "type": "cond-expr",
                "locations": [
                    { "start": { "line": 89, "column": 28 }, "end": { "line": 89, "column": 57 } },
                    { "start": { "line": 89, "column": 57 }, "end": { "line": 89, "column": null } }
                ],
                "line": 89
            }
        },
        "s": {
            "0": 22,
            "1": 10,
            "2": 22,
            "3": 52,
            "4": 22,
            "5": 44,
            "6": 22,
            "7": 2,
            "8": 2,
            "9": 0,
            "10": 0,
            "11": 0,
            "12": 22,
            "13": 6,
            "14": 6,
            "15": 0,
            "16": 0,
            "17": 0,
            "18": 22,
            "19": 50,
            "20": 11,
            "21": 11,
            "22": 11,
            "23": 11,
            "24": 11,
            "25": 11
        },
        "f": {
            "0": 5,
            "1": 26,
            "2": 22,
            "3": 1,
            "4": 3,
            "5": 25,
            "6": 5,
            "7": 26,
            "8": 22,
            "9": 1,
            "10": 3,
            "11": 25
        },
        "b": {
            "0": [2, 8],
            "1": [2, 8],
            "2": [0, 0],
            "3": [0, 0],
            "4": [0, 0],
            "5": [0, 0],
            "6": [4, 46],
            "7": [1, 4],
            "8": [1, 4],
            "9": [0, 0],
            "10": [0, 0],
            "11": [2, 23]
        },
        "meta": {
            "lastBranch": 7,
            "lastFunction": 6,
            "lastStatement": 20,
            "seen": {
                "s:4:39:16:1": 0,
                "f:4:39:4:44": 0,
                "s:8:4:15:Infinity": 1,
                "b:11:42:11:44:11:47:11:68": 0,
                "b:12:31:12:53:12:56:12:58": 1,
                "s:18:31:22:1": 2,
                "f:18:31:18:36": 1,
                "s:19:4:21:Infinity": 3,
                "s:24:29:46:1": 4,
                "f:24:29:24:34": 2,
                "s:35:4:45:Infinity": 5,
                "s:48:29:64:1": 6,
                "f:48:29:48:34": 3,
                "s:53:4:63:Infinity": 7,
                "s:54:8:57:Infinity": 8,
                "b:59:8:61:Infinity:undefined:undefined:undefined:undefined": 2,
                "s:59:8:61:Infinity": 9,
                "b:59:12:59:61:59:65:59:83": 3,
                "s:60:12:60:Infinity": 10,
                "s:62:8:62:Infinity": 11,
                "s:66:30:78:1": 12,
                "f:66:30:66:35": 4,
                "s:67:4:77:Infinity": 13,
                "s:68:8:71:Infinity": 14,
                "b:73:8:75:Infinity:undefined:undefined:undefined:undefined": 4,
                "s:73:8:75:Infinity": 15,
                "b:73:12:73:61:73:65:73:83": 5,
                "s:74:12:74:Infinity": 16,
                "s:76:8:76:Infinity": 17,
                "s:80:35:92:1": 18,
                "f:80:35:80:40": 5,
                "s:85:4:91:Infinity": 19,
                "b:89:28:89:54:89:57:89:59": 6
            },
            "fnNames": {}
        }
    },
    "/Users/sebastiengagne/Apps/dwmc-api/src/modules/accounts/account.routes.ts": {
        "path": "/Users/sebastiengagne/Apps/dwmc-api/src/modules/accounts/account.routes.ts",
        "statementMap": {
            "0": { "start": { "line": 20, "column": 22 }, "end": { "line": 20, "column": 45 } },
            "1": { "start": { "line": 22, "column": 0 }, "end": { "line": 27, "column": null } },
            "2": { "start": { "line": 23, "column": 21 }, "end": { "line": 23, "column": 38 } },
            "3": { "start": { "line": 24, "column": 18 }, "end": { "line": 24, "column": 69 } },
            "4": { "start": { "line": 25, "column": 21 }, "end": { "line": 25, "column": 56 } },
            "5": { "start": { "line": 26, "column": 4 }, "end": { "line": 26, "column": null } },
            "6": { "start": { "line": 29, "column": 0 }, "end": { "line": 34, "column": null } },
            "7": { "start": { "line": 30, "column": 21 }, "end": { "line": 30, "column": 38 } },
            "8": { "start": { "line": 31, "column": 18 }, "end": { "line": 31, "column": 60 } },
            "9": { "start": { "line": 32, "column": 20 }, "end": { "line": 32, "column": 56 } },
            "10": { "start": { "line": 33, "column": 4 }, "end": { "line": 33, "column": null } },
            "11": { "start": { "line": 36, "column": 0 }, "end": { "line": 41, "column": null } },
            "12": { "start": { "line": 37, "column": 21 }, "end": { "line": 37, "column": 38 } },
            "13": { "start": { "line": 38, "column": 19 }, "end": { "line": 38, "column": 67 } },
            "14": { "start": { "line": 39, "column": 20 }, "end": { "line": 39, "column": 61 } },
            "15": { "start": { "line": 40, "column": 4 }, "end": { "line": 40, "column": null } },
            "16": { "start": { "line": 43, "column": 0 }, "end": { "line": 49, "column": null } },
            "17": { "start": { "line": 44, "column": 21 }, "end": { "line": 44, "column": 38 } },
            "18": { "start": { "line": 45, "column": 19 }, "end": { "line": 45, "column": 67 } },
            "19": { "start": { "line": 46, "column": 18 }, "end": { "line": 46, "column": 60 } },
            "20": { "start": { "line": 47, "column": 20 }, "end": { "line": 47, "column": 67 } },
            "21": { "start": { "line": 48, "column": 4 }, "end": { "line": 48, "column": null } },
            "22": { "start": { "line": 51, "column": 0 }, "end": { "line": 56, "column": null } },
            "23": { "start": { "line": 52, "column": 21 }, "end": { "line": 52, "column": 38 } },
            "24": { "start": { "line": 53, "column": 19 }, "end": { "line": 53, "column": 67 } },
            "25": { "start": { "line": 54, "column": 20 }, "end": { "line": 54, "column": 61 } },
            "26": { "start": { "line": 55, "column": 4 }, "end": { "line": 55, "column": null } },
            "27": { "start": { "line": 20, "column": 22 }, "end": { "line": 20, "column": null } },
            "28": { "start": { "line": 23, "column": 21 }, "end": { "line": 23, "column": null } },
            "29": { "start": { "line": 24, "column": 18 }, "end": { "line": 24, "column": null } },
            "30": { "start": { "line": 25, "column": 21 }, "end": { "line": 25, "column": null } },
            "31": { "start": { "line": 30, "column": 21 }, "end": { "line": 30, "column": null } },
            "32": { "start": { "line": 31, "column": 18 }, "end": { "line": 31, "column": null } },
            "33": { "start": { "line": 32, "column": 20 }, "end": { "line": 32, "column": null } },
            "34": { "start": { "line": 37, "column": 21 }, "end": { "line": 37, "column": null } },
            "35": { "start": { "line": 38, "column": 19 }, "end": { "line": 38, "column": null } },
            "36": { "start": { "line": 39, "column": 20 }, "end": { "line": 39, "column": null } },
            "37": { "start": { "line": 44, "column": 21 }, "end": { "line": 44, "column": null } },
            "38": { "start": { "line": 45, "column": 19 }, "end": { "line": 45, "column": null } },
            "39": { "start": { "line": 46, "column": 18 }, "end": { "line": 46, "column": null } },
            "40": { "start": { "line": 47, "column": 20 }, "end": { "line": 47, "column": null } },
            "41": { "start": { "line": 52, "column": 21 }, "end": { "line": 52, "column": null } },
            "42": { "start": { "line": 53, "column": 19 }, "end": { "line": 53, "column": null } },
            "43": { "start": { "line": 54, "column": 20 }, "end": { "line": 54, "column": null } }
        },
        "fnMap": {
            "0": {
                "name": "(anonymous_0)",
                "decl": {
                    "start": { "line": 22, "column": 39 },
                    "end": { "line": 22, "column": 44 }
                },
                "loc": {
                    "start": { "line": 22, "column": 51 },
                    "end": { "line": 27, "column": 1 }
                },
                "line": 22
            },
            "1": {
                "name": "(anonymous_1)",
                "decl": {
                    "start": { "line": 29, "column": 40 },
                    "end": { "line": 29, "column": 45 }
                },
                "loc": {
                    "start": { "line": 29, "column": 52 },
                    "end": { "line": 34, "column": 1 }
                },
                "line": 29
            },
            "2": {
                "name": "(anonymous_2)",
                "decl": {
                    "start": { "line": 36, "column": 42 },
                    "end": { "line": 36, "column": 47 }
                },
                "loc": {
                    "start": { "line": 36, "column": 54 },
                    "end": { "line": 41, "column": 1 }
                },
                "line": 36
            },
            "3": {
                "name": "(anonymous_3)",
                "decl": {
                    "start": { "line": 43, "column": 44 },
                    "end": { "line": 43, "column": 49 }
                },
                "loc": {
                    "start": { "line": 43, "column": 56 },
                    "end": { "line": 49, "column": 1 }
                },
                "line": 43
            },
            "4": {
                "name": "(anonymous_4)",
                "decl": {
                    "start": { "line": 51, "column": 45 },
                    "end": { "line": 51, "column": 50 }
                },
                "loc": {
                    "start": { "line": 51, "column": 57 },
                    "end": { "line": 56, "column": 1 }
                },
                "line": 51
            },
            "5": {
                "name": "(anonymous_0)",
                "decl": {
                    "start": { "line": 22, "column": 39 },
                    "end": { "line": 22, "column": 46 }
                },
                "loc": {
                    "start": { "line": 22, "column": 52 },
                    "end": { "line": 27, "column": 1 }
                },
                "line": 22
            },
            "6": {
                "name": "(anonymous_1)",
                "decl": {
                    "start": { "line": 29, "column": 40 },
                    "end": { "line": 29, "column": 47 }
                },
                "loc": {
                    "start": { "line": 29, "column": 53 },
                    "end": { "line": 34, "column": 1 }
                },
                "line": 29
            },
            "7": {
                "name": "(anonymous_2)",
                "decl": {
                    "start": { "line": 36, "column": 42 },
                    "end": { "line": 36, "column": 49 }
                },
                "loc": {
                    "start": { "line": 36, "column": 55 },
                    "end": { "line": 41, "column": 1 }
                },
                "line": 36
            },
            "8": {
                "name": "(anonymous_3)",
                "decl": {
                    "start": { "line": 43, "column": 44 },
                    "end": { "line": 43, "column": 51 }
                },
                "loc": {
                    "start": { "line": 43, "column": 57 },
                    "end": { "line": 49, "column": 1 }
                },
                "line": 43
            },
            "9": {
                "name": "(anonymous_4)",
                "decl": {
                    "start": { "line": 51, "column": 45 },
                    "end": { "line": 51, "column": 52 }
                },
                "loc": {
                    "start": { "line": 51, "column": 58 },
                    "end": { "line": 56, "column": 1 }
                },
                "line": 51
            }
        },
        "branchMap": {},
        "s": {
            "0": 22,
            "1": 22,
            "2": 10,
            "3": 10,
            "4": 10,
            "5": 10,
            "6": 22,
            "7": 54,
            "8": 54,
            "9": 48,
            "10": 44,
            "11": 22,
            "12": 24,
            "13": 24,
            "14": 24,
            "15": 22,
            "16": 22,
            "17": 6,
            "18": 6,
            "19": 6,
            "20": 6,
            "21": 2,
            "22": 22,
            "23": 6,
            "24": 6,
            "25": 6,
            "26": 6,
            "27": 11,
            "28": 16,
            "29": 16,
            "30": 16,
            "31": 38,
            "32": 38,
            "33": 35,
            "34": 23,
            "35": 23,
            "36": 23,
            "37": 14,
            "38": 14,
            "39": 14,
            "40": 14,
            "41": 14,
            "42": 14,
            "43": 14
        },
        "f": {
            "0": 5,
            "1": 27,
            "2": 12,
            "3": 3,
            "4": 3,
            "5": 10,
            "6": 54,
            "7": 24,
            "8": 6,
            "9": 6
        },
        "b": {},
        "meta": {
            "lastBranch": 0,
            "lastFunction": 5,
            "lastStatement": 27,
            "seen": {
                "s:20:22:20:45": 0,
                "s:22:0:27:Infinity": 1,
                "f:22:39:22:44": 0,
                "s:23:21:23:38": 2,
                "s:24:18:24:69": 3,
                "s:25:21:25:56": 4,
                "s:26:4:26:Infinity": 5,
                "s:29:0:34:Infinity": 6,
                "f:29:40:29:45": 1,
                "s:30:21:30:38": 7,
                "s:31:18:31:60": 8,
                "s:32:20:32:56": 9,
                "s:33:4:33:Infinity": 10,
                "s:36:0:41:Infinity": 11,
                "f:36:42:36:47": 2,
                "s:37:21:37:38": 12,
                "s:38:19:38:67": 13,
                "s:39:20:39:61": 14,
                "s:40:4:40:Infinity": 15,
                "s:43:0:49:Infinity": 16,
                "f:43:44:43:49": 3,
                "s:44:21:44:38": 17,
                "s:45:19:45:67": 18,
                "s:46:18:46:60": 19,
                "s:47:20:47:67": 20,
                "s:48:4:48:Infinity": 21,
                "s:51:0:56:Infinity": 22,
                "f:51:45:51:50": 4,
                "s:52:21:52:38": 23,
                "s:53:19:53:67": 24,
                "s:54:20:54:61": 25,
                "s:55:4:55:Infinity": 26
            },
            "fnNames": {}
        }
    },
    "/Users/sebastiengagne/Apps/dwmc-api/src/modules/accounts/account.schema.ts": {
        "path": "/Users/sebastiengagne/Apps/dwmc-api/src/modules/accounts/account.schema.ts",
        "statementMap": {
            "0": { "start": { "line": 3, "column": 27 }, "end": { "line": 6, "column": 43 } },
            "1": { "start": { "line": 6, "column": 26 }, "end": { "line": 6, "column": 42 } },
            "2": { "start": { "line": 8, "column": 33 }, "end": { "line": 16, "column": 2 } },
            "3": { "start": { "line": 18, "column": 35 }, "end": { "line": 25, "column": 2 } },
            "4": { "start": { "line": 27, "column": 35 }, "end": { "line": 35, "column": 2 } },
            "5": { "start": { "line": 37, "column": 35 }, "end": { "line": 39, "column": 2 } },
            "6": { "start": { "line": 41, "column": 38 }, "end": { "line": 44, "column": 2 } },
            "7": { "start": { "line": 3, "column": 27 }, "end": { "line": 6, "column": null } },
            "8": { "start": { "line": 8, "column": 33 }, "end": { "line": 16, "column": null } },
            "9": { "start": { "line": 18, "column": 35 }, "end": { "line": 25, "column": null } },
            "10": { "start": { "line": 27, "column": 35 }, "end": { "line": 35, "column": null } },
            "11": { "start": { "line": 37, "column": 35 }, "end": { "line": 39, "column": null } },
            "12": { "start": { "line": 41, "column": 38 }, "end": { "line": 44, "column": null } }
        },
        "fnMap": {
            "0": {
                "name": "(anonymous_0)",
                "decl": {
                    "start": { "line": 6, "column": 15 },
                    "end": { "line": 6, "column": 16 }
                },
                "loc": { "start": { "line": 6, "column": 26 }, "end": { "line": 6, "column": 42 } },
                "line": 6
            }
        },
        "branchMap": {},
        "s": {
            "0": 22,
            "1": 10,
            "2": 22,
            "3": 22,
            "4": 22,
            "5": 22,
            "6": 22,
            "7": 11,
            "8": 11,
            "9": 11,
            "10": 11,
            "11": 11,
            "12": 11
        },
        "f": { "0": 10 },
        "b": {},
        "meta": {
            "lastBranch": 0,
            "lastFunction": 1,
            "lastStatement": 7,
            "seen": {
                "s:3:27:6:43": 0,
                "f:6:15:6:16": 0,
                "s:6:26:6:42": 1,
                "s:8:33:16:2": 2,
                "s:18:35:25:2": 3,
                "s:27:35:35:2": 4,
                "s:37:35:39:2": 5,
                "s:41:38:44:2": 6
            },
            "fnNames": {}
        }
    },
    "/Users/sebastiengagne/Apps/dwmc-api/src/modules/accounts/account.service.ts": {
        "path": "/Users/sebastiengagne/Apps/dwmc-api/src/modules/accounts/account.service.ts",
        "statementMap": {
            "0": { "start": { "line": 23, "column": 25 }, "end": { "line": 31, "column": 1 } },
            "1": { "start": { "line": 24, "column": 28 }, "end": { "line": 24, "column": 59 } },
            "2": { "start": { "line": 25, "column": 4 }, "end": { "line": 30, "column": null } },
            "3": { "start": { "line": 33, "column": 21 }, "end": { "line": 41, "column": 1 } },
            "4": { "start": { "line": 34, "column": 4 }, "end": { "line": 40, "column": null } },
            "5": { "start": { "line": 35, "column": 8 }, "end": { "line": 39, "column": null } },
            "6": { "start": { "line": 43, "column": 28 }, "end": { "line": 61, "column": 1 } },
            "7": { "start": { "line": 44, "column": 20 }, "end": { "line": 44, "column": 58 } },
            "8": { "start": { "line": 45, "column": 21 }, "end": { "line": 48, "column": 6 } },
            "9": { "start": { "line": 49, "column": 21 }, "end": { "line": 54, "column": null } },
            "10": { "start": { "line": 51, "column": 35 }, "end": { "line": 54, "column": 10 } },
            "11": { "start": { "line": 57, "column": 4 }, "end": { "line": 60, "column": null } },
            "12": { "start": { "line": 57, "column": 38 }, "end": { "line": 60, "column": 6 } },
            "13": { "start": { "line": 63, "column": 29 }, "end": { "line": 88, "column": 1 } },
            "14": { "start": { "line": 64, "column": 20 }, "end": { "line": 64, "column": 58 } },
            "15": { "start": { "line": 65, "column": 17 }, "end": { "line": 65, "column": 41 } },
            "16": { "start": { "line": 66, "column": 4 }, "end": { "line": 66, "column": null } },
            "17": { "start": { "line": 68, "column": 22 }, "end": { "line": 68, "column": 71 } },
            "18": { "start": { "line": 69, "column": 4 }, "end": { "line": 71, "column": null } },
            "19": { "start": { "line": 70, "column": 8 }, "end": { "line": 70, "column": null } },
            "20": { "start": { "line": 73, "column": 20 }, "end": { "line": 80, "column": 6 } },
            "21": { "start": { "line": 82, "column": 27 }, "end": { "line": 85, "column": null } },
            "22": { "start": { "line": 87, "column": 4 }, "end": { "line": 87, "column": null } },
            "23": { "start": { "line": 90, "column": 30 }, "end": { "line": 104, "column": 1 } },
            "24": { "start": { "line": 91, "column": 20 }, "end": { "line": 91, "column": 58 } },
            "25": { "start": { "line": 93, "column": 20 }, "end": { "line": 93, "column": 57 } },
            "26": { "start": { "line": 94, "column": 4 }, "end": { "line": 96, "column": null } },
            "27": { "start": { "line": 95, "column": 8 }, "end": { "line": 95, "column": null } },
            "28": { "start": { "line": 98, "column": 27 }, "end": { "line": 101, "column": null } },
            "29": { "start": { "line": 103, "column": 4 }, "end": { "line": 103, "column": null } },
            "30": { "start": { "line": 106, "column": 29 }, "end": { "line": 150, "column": 1 } },
            "31": { "start": { "line": 107, "column": 20 }, "end": { "line": 107, "column": 58 } },
            "32": { "start": { "line": 109, "column": 21 }, "end": { "line": 109, "column": 58 } },
            "33": { "start": { "line": 110, "column": 4 }, "end": { "line": 112, "column": null } },
            "34": { "start": { "line": 111, "column": 8 }, "end": { "line": 111, "column": null } },
            "35": { "start": { "line": 114, "column": 4 }, "end": { "line": 119, "column": null } },
            "36": { "start": { "line": 115, "column": 26 }, "end": { "line": 115, "column": 79 } },
            "37": { "start": { "line": 116, "column": 8 }, "end": { "line": 118, "column": null } },
            "38": {
                "start": { "line": 117, "column": 12 },
                "end": { "line": 117, "column": null }
            },
            "39": { "start": { "line": 121, "column": 26 }, "end": { "line": 121, "column": 53 } },
            "40": { "start": { "line": 123, "column": 8 }, "end": { "line": 127, "column": 20 } },
            "41": { "start": { "line": 128, "column": 4 }, "end": { "line": 128, "column": null } },
            "42": { "start": { "line": 130, "column": 20 }, "end": { "line": 138, "column": 6 } },
            "43": { "start": { "line": 140, "column": 4 }, "end": { "line": 142, "column": null } },
            "44": { "start": { "line": 141, "column": 8 }, "end": { "line": 141, "column": null } },
            "45": {
                "start": { "line": 144, "column": 27 },
                "end": { "line": 147, "column": null }
            },
            "46": { "start": { "line": 149, "column": 4 }, "end": { "line": 149, "column": null } },
            "47": { "start": { "line": 152, "column": 30 }, "end": { "line": 171, "column": 1 } },
            "48": { "start": { "line": 153, "column": 20 }, "end": { "line": 153, "column": 58 } },
            "49": { "start": { "line": 155, "column": 21 }, "end": { "line": 155, "column": 58 } },
            "50": { "start": { "line": 156, "column": 4 }, "end": { "line": 158, "column": null } },
            "51": { "start": { "line": 157, "column": 8 }, "end": { "line": 157, "column": null } },
            "52": { "start": { "line": 160, "column": 21 }, "end": { "line": 160, "column": 57 } },
            "53": { "start": { "line": 161, "column": 4 }, "end": { "line": 163, "column": null } },
            "54": { "start": { "line": 162, "column": 8 }, "end": { "line": 162, "column": null } },
            "55": {
                "start": { "line": 165, "column": 27 },
                "end": { "line": 168, "column": null }
            },
            "56": { "start": { "line": 170, "column": 4 }, "end": { "line": 170, "column": null } },
            "57": { "start": { "line": 23, "column": 6 }, "end": { "line": 31, "column": null } },
            "58": { "start": { "line": 24, "column": 28 }, "end": { "line": 24, "column": null } },
            "59": { "start": { "line": 33, "column": 6 }, "end": { "line": 41, "column": null } },
            "60": { "start": { "line": 43, "column": 28 }, "end": { "line": 61, "column": null } },
            "61": { "start": { "line": 44, "column": 20 }, "end": { "line": 44, "column": null } },
            "62": { "start": { "line": 45, "column": 21 }, "end": { "line": 48, "column": null } },
            "63": { "start": { "line": 49, "column": 21 }, "end": { "line": 55, "column": null } },
            "64": { "start": { "line": 63, "column": 29 }, "end": { "line": 88, "column": null } },
            "65": { "start": { "line": 64, "column": 20 }, "end": { "line": 64, "column": null } },
            "66": { "start": { "line": 65, "column": 17 }, "end": { "line": 65, "column": null } },
            "67": { "start": { "line": 68, "column": 22 }, "end": { "line": 68, "column": null } },
            "68": { "start": { "line": 73, "column": 20 }, "end": { "line": 80, "column": null } },
            "69": { "start": { "line": 82, "column": 27 }, "end": { "line": 86, "column": null } },
            "70": { "start": { "line": 90, "column": 30 }, "end": { "line": 104, "column": null } },
            "71": { "start": { "line": 91, "column": 20 }, "end": { "line": 91, "column": null } },
            "72": { "start": { "line": 93, "column": 20 }, "end": { "line": 93, "column": null } },
            "73": { "start": { "line": 98, "column": 27 }, "end": { "line": 102, "column": null } },
            "74": {
                "start": { "line": 106, "column": 29 },
                "end": { "line": 150, "column": null }
            },
            "75": {
                "start": { "line": 107, "column": 20 },
                "end": { "line": 107, "column": null }
            },
            "76": {
                "start": { "line": 109, "column": 21 },
                "end": { "line": 109, "column": null }
            },
            "77": {
                "start": { "line": 115, "column": 26 },
                "end": { "line": 115, "column": null }
            },
            "78": {
                "start": { "line": 121, "column": 26 },
                "end": { "line": 121, "column": null }
            },
            "79": { "start": { "line": 123, "column": 8 }, "end": { "line": 127, "column": null } },
            "80": {
                "start": { "line": 130, "column": 20 },
                "end": { "line": 138, "column": null }
            },
            "81": {
                "start": { "line": 144, "column": 27 },
                "end": { "line": 148, "column": null }
            },
            "82": {
                "start": { "line": 152, "column": 30 },
                "end": { "line": 171, "column": null }
            },
            "83": {
                "start": { "line": 153, "column": 20 },
                "end": { "line": 153, "column": null }
            },
            "84": {
                "start": { "line": 155, "column": 21 },
                "end": { "line": 155, "column": null }
            },
            "85": {
                "start": { "line": 160, "column": 21 },
                "end": { "line": 160, "column": null }
            },
            "86": { "start": { "line": 165, "column": 27 }, "end": { "line": 169, "column": null } }
        },
        "fnMap": {
            "0": {
                "name": "(anonymous_0)",
                "decl": {
                    "start": { "line": 23, "column": 25 },
                    "end": { "line": 23, "column": 26 }
                },
                "loc": {
                    "start": { "line": 23, "column": 46 },
                    "end": { "line": 31, "column": 1 }
                },
                "line": 23
            },
            "1": {
                "name": "(anonymous_1)",
                "decl": {
                    "start": { "line": 33, "column": 21 },
                    "end": { "line": 33, "column": 22 }
                },
                "loc": {
                    "start": { "line": 33, "column": 80 },
                    "end": { "line": 41, "column": 1 }
                },
                "line": 33
            },
            "2": {
                "name": "(anonymous_2)",
                "decl": {
                    "start": { "line": 43, "column": 28 },
                    "end": { "line": 43, "column": 33 }
                },
                "loc": {
                    "start": { "line": 43, "column": 87 },
                    "end": { "line": 61, "column": 1 }
                },
                "line": 43
            },
            "3": {
                "name": "(anonymous_3)",
                "decl": {
                    "start": { "line": 51, "column": 21 },
                    "end": { "line": 51, "column": 22 }
                },
                "loc": {
                    "start": { "line": 51, "column": 35 },
                    "end": { "line": 54, "column": 10 }
                },
                "line": 51
            },
            "4": {
                "name": "(anonymous_4)",
                "decl": {
                    "start": { "line": 57, "column": 24 },
                    "end": { "line": 57, "column": 25 }
                },
                "loc": {
                    "start": { "line": 57, "column": 38 },
                    "end": { "line": 60, "column": 6 }
                },
                "line": 57
            },
            "5": {
                "name": "(anonymous_5)",
                "decl": {
                    "start": { "line": 63, "column": 29 },
                    "end": { "line": 63, "column": 34 }
                },
                "loc": {
                    "start": { "line": 63, "column": 85 },
                    "end": { "line": 88, "column": 1 }
                },
                "line": 63
            },
            "6": {
                "name": "(anonymous_6)",
                "decl": {
[...]
                    { "start": { "line": 23, "column": 32 }, "end": { "line": 23, "column": 35 } }
                ],
                "line": 23
            },
            "11": {
                "loc": {
                    "start": { "line": 25, "column": 8 },
                    "end": { "line": 25, "column": 57 }
                },
                "type": "binary-expr",
                "locations": [
                    { "start": { "line": 25, "column": 8 }, "end": { "line": 25, "column": 30 } },
                    { "start": { "line": 25, "column": 30 }, "end": { "line": 25, "column": 57 } }
                ],
                "line": 25
            },
            "12": {
                "loc": {
                    "start": { "line": 27, "column": 11 },
                    "end": { "line": 27, "column": null }
                },
                "type": "cond-expr",
                "locations": [
                    { "start": { "line": 27, "column": 26 }, "end": { "line": 27, "column": 35 } },
                    { "start": { "line": 27, "column": 35 }, "end": { "line": 27, "column": null } }
                ],
                "line": 27
            }
        },
        "s": {
            "0": 24,
            "1": 66,
            "2": 24,
            "3": 0,
            "4": 0,
            "5": 0,
            "6": 24,
            "7": 484,
            "8": 484,
            "9": 484,
            "10": 0,
            "11": 484,
            "12": 484,
            "13": 484,
            "14": 484,
            "15": 4,
            "16": 484,
            "17": 24,
            "18": 400,
            "19": 12,
            "20": 12,
            "21": 12,
            "22": 254,
            "23": 254,
            "24": 254,
            "25": 254,
            "26": 254,
            "27": 12,
            "28": 200
        },
        "f": { "0": 33, "1": 0, "2": 242, "3": 400, "4": 33, "5": 0, "6": 242, "7": 200 },
        "b": {
            "0": [0, 0],
            "1": [0, 0],
            "2": [0, 484],
            "3": [484],
            "4": [484, 0],
            "5": [4, 480],
            "6": [484, 484],
            "7": [18, 466],
            "8": [0, 0],
            "9": [242],
            "10": [484, 0],
            "11": [244, 482],
            "12": [9, 233]
        },
        "meta": {
            "lastBranch": 8,
            "lastFunction": 4,
            "lastStatement": 19,
            "seen": {
                "s:3:32:5:1": 0,
                "f:3:32:3:33": 0,
                "s:4:4:4:Infinity": 1,
                "s:7:40:12:1": 2,
                "f:7:40:7:Infinity": 1,
                "b:10:4:10:Infinity:undefined:undefined:undefined:undefined": 0,
                "s:10:4:10:Infinity": 3,
                "b:10:8:10:22:10:26:10:45": 1,
                "s:10:47:10:Infinity": 4,
                "s:11:4:11:Infinity": 5,
                "s:15:23:28:1": 6,
                "f:15:23:15:24": 2,
                "s:16:17:16:37": 7,
                "s:17:18:17:55": 8,
                "b:19:4:19:Infinity:undefined:undefined:undefined:undefined": 2,
                "s:19:4:19:Infinity": 9,
                "s:19:16:19:Infinity": 10,
                "s:21:43:21:48": 11,
                "b:21:37:21:39": 3,
                "s:22:28:22:63": 12,
                "s:23:16:23:81": 13,
                "b:23:23:23:28:23:32:23:35": 4,
                "b:25:4:25:Infinity:undefined:undefined:undefined:undefined": 5,
                "s:25:4:25:Infinity": 14,
                "b:25:8:25:26:25:30:25:55": 6,
                "s:25:57:25:Infinity": 15,
                "s:27:4:27:Infinity": 16,
                "b:27:26:27:32:27:35:27:40": 7,
                "s:30:25:30:71": 17,
                "f:30:25:30:26": 3,
                "s:30:52:30:71": 18
            },
            "fnNames": {}
        }
    },
    "/Users/sebastiengagne/Apps/dwmc-api/src/shared/validation/pagination.ts": {
        "path": "/Users/sebastiengagne/Apps/dwmc-api/src/shared/validation/pagination.ts",
        "statementMap": {
            "0": { "start": { "line": 3, "column": 32 }, "end": { "line": 6, "column": 2 } },
            "1": { "start": { "line": 3, "column": 32 }, "end": { "line": 6, "column": null } }
        },
        "fnMap": {},
        "branchMap": {},
        "s": { "0": 22, "1": 11 },
        "f": {},
        "b": {},
        "meta": {
            "lastBranch": 0,
            "lastFunction": 0,
            "lastStatement": 1,
            "seen": { "s:3:32:6:2": 0 },
            "fnNames": {}
        }
    },
    "/Users/sebastiengagne/Apps/dwmc-api/src/shared/validation/validate.ts": {
        "path": "/Users/sebastiengagne/Apps/dwmc-api/src/shared/validation/validate.ts",
        "statementMap": {
            "0": { "start": { "line": 11, "column": 28 }, "end": { "line": 23, "column": 1 } },
            "1": { "start": { "line": 12, "column": 19 }, "end": { "line": 12, "column": 42 } },
            "2": { "start": { "line": 13, "column": 4 }, "end": { "line": 20, "column": null } },
            "3": { "start": { "line": 14, "column": 8 }, "end": { "line": 19, "column": null } },
            "4": { "start": { "line": 22, "column": 4 }, "end": { "line": 22, "column": null } },
            "5": { "start": { "line": 29, "column": 28 }, "end": { "line": 48, "column": 1 } },
            "6": { "start": { "line": 33, "column": 17 }, "end": { "line": 35, "column": 6 } },
            "7": { "start": { "line": 34, "column": 8 }, "end": { "line": 34, "column": null } },
            "8": { "start": { "line": 37, "column": 19 }, "end": { "line": 37, "column": 41 } },
            "9": { "start": { "line": 38, "column": 4 }, "end": { "line": 45, "column": null } },
            "10": { "start": { "line": 39, "column": 8 }, "end": { "line": 44, "column": null } },
            "11": { "start": { "line": 47, "column": 4 }, "end": { "line": 47, "column": null } },
            "12": { "start": { "line": 11, "column": 13 }, "end": { "line": 23, "column": null } },
            "13": { "start": { "line": 12, "column": 19 }, "end": { "line": 12, "column": null } },
            "14": { "start": { "line": 29, "column": 28 }, "end": { "line": 48, "column": null } },
            "15": { "start": { "line": 33, "column": 17 }, "end": { "line": 35, "column": null } },
            "16": { "start": { "line": 37, "column": 19 }, "end": { "line": 37, "column": null } }
        },
        "fnMap": {
            "0": {
                "name": "(anonymous_0)",
                "decl": {
                    "start": { "line": 11, "column": 28 },
                    "end": { "line": 11, "column": 51 }
                },
                "loc": {
                    "start": { "line": 11, "column": 93 },
                    "end": { "line": 23, "column": 1 }
                },
                "line": 11
            },
            "1": {
                "name": "(anonymous_1)",
                "decl": {
                    "start": { "line": 29, "column": 28 },
                    "end": { "line": 29, "column": 33 }
                },
                "loc": {
                    "start": { "line": 32, "column": 26 },
                    "end": { "line": 48, "column": 1 }
                },
                "line": 32
            },
            "2": {
                "name": "(anonymous_2)",
                "decl": {
                    "start": { "line": 33, "column": 42 },
                    "end": { "line": 33, "column": 45 }
                },
                "loc": {
                    "start": { "line": 33, "column": 47 },
                    "end": { "line": 35, "column": 5 }
                },
                "line": 33
            },
            "3": {
                "name": "(anonymous_0)",
                "decl": {
                    "start": { "line": 11, "column": 13 },
                    "end": { "line": 11, "column": 51 }
                },
                "loc": {
                    "start": { "line": 11, "column": 94 },
                    "end": { "line": 23, "column": null }
                },
                "line": 11
            },
            "4": {
                "name": "(anonymous_1)",
                "decl": {
                    "start": { "line": 29, "column": 28 },
                    "end": { "line": 29, "column": null }
                },
                "loc": {
                    "start": { "line": 32, "column": 27 },
                    "end": { "line": 48, "column": null }
                },
                "line": 32
            },
            "5": {
                "name": "(anonymous_2)",
                "decl": {
                    "start": { "line": 33, "column": 36 },
                    "end": { "line": 33, "column": 48 }
                },
                "loc": {
                    "start": { "line": 33, "column": 48 },
                    "end": { "line": 35, "column": 5 }
                },
                "line": 33
            }
        },
        "branchMap": {
            "0": {
                "loc": {
                    "start": { "line": 13, "column": 4 },
                    "end": { "line": 20, "column": null }
                },
                "type": "if",
                "locations": [
                    { "start": { "line": 13, "column": 4 }, "end": { "line": 20, "column": null } },
                    { "start": {}, "end": {} }
                ],
                "line": 13
            },
            "1": {
                "loc": {
                    "start": { "line": 38, "column": 4 },
                    "end": { "line": 45, "column": null }
                },
                "type": "if",
                "locations": [
                    { "start": { "line": 38, "column": 4 }, "end": { "line": 45, "column": null } },
                    { "start": {}, "end": {} }
                ],
                "line": 38
            }
        },
        "s": {
            "0": 22,
            "1": 190,
            "2": 190,
            "3": 8,
            "4": 182,
            "5": 22,
            "6": 236,
            "7": 0,
            "8": 236,
            "9": 236,
            "10": 28,
            "11": 208,
            "12": 11,
            "13": 106,
            "14": 11,
            "15": 129,
            "16": 129
        },
        "f": { "0": 95, "1": 118, "2": 118, "3": 95, "4": 118, "5": 0 },
        "b": { "0": [8, 182], "1": [28, 208] },
        "meta": {
            "lastBranch": 2,
            "lastFunction": 3,
            "lastStatement": 12,
            "seen": {
                "s:11:28:23:1": 0,
                "f:11:28:11:51": 0,
                "s:12:19:12:42": 1,
                "b:13:4:20:Infinity:undefined:undefined:undefined:undefined": 0,
                "s:13:4:20:Infinity": 2,
                "s:14:8:19:Infinity": 3,
                "s:22:4:22:Infinity": 4,
                "s:29:28:48:1": 5,
                "f:29:28:29:33": 1,
                "s:33:17:35:6": 6,
                "f:33:42:33:45": 2,
                "s:34:8:34:Infinity": 7,
                "s:37:19:37:41": 8,
                "b:38:4:45:Infinity:undefined:undefined:undefined:undefined": 1,
                "s:38:4:45:Infinity": 9,
                "s:39:8:44:Infinity": 10,
                "s:47:4:47:Infinity": 11
            },
            "fnNames": {}
        }
    },
    "/Users/sebastiengagne/Apps/dwmc-api/src/tests/test-utils.ts": {
        "path": "/Users/sebastiengagne/Apps/dwmc-api/src/tests/test-utils.ts",
        "statementMap": {
            "0": { "start": { "line": 1, "column": 15 }, "end": { "line": 1, "column": 24 } },
            "1": { "start": { "line": 8, "column": 32 }, "end": { "line": 12, "column": null } },
            "2": { "start": { "line": 14, "column": 32 }, "end": { "line": 18, "column": null } },
            "3": { "start": { "line": 20, "column": 26 }, "end": { "line": 22, "column": 1 } },
            "4": { "start": { "line": 21, "column": 4 }, "end": { "line": 21, "column": null } },
            "5": { "start": { "line": 24, "column": 21 }, "end": { "line": 26, "column": 1 } },
            "6": { "start": { "line": 25, "column": 4 }, "end": { "line": 25, "column": null } },
            "7": { "start": { "line": 28, "column": 41 }, "end": { "line": 49, "column": 1 } },
            "8": { "start": { "line": 41, "column": 4 }, "end": { "line": 48, "column": null } },
            "9": { "start": { "line": 42, "column": 21 }, "end": { "line": 42, "column": 33 } },
            "10": { "start": { "line": 43, "column": 8 }, "end": { "line": 45, "column": null } },
            "11": { "start": { "line": 44, "column": 12 }, "end": { "line": 44, "column": null } },
            "12": { "start": { "line": 47, "column": 8 }, "end": { "line": 47, "column": null } },
            "13": { "start": { "line": 1, "column": 15 }, "end": { "line": 1, "column": null } },
            "14": { "start": { "line": 20, "column": 13 }, "end": { "line": 22, "column": null } },
            "15": { "start": { "line": 24, "column": 13 }, "end": { "line": 26, "column": null } },
            "16": { "start": { "line": 28, "column": 13 }, "end": { "line": 49, "column": null } },
            "17": { "start": { "line": 42, "column": 21 }, "end": { "line": 42, "column": null } }
        },
        "fnMap": {
            "0": {
                "name": "(anonymous_0)",
                "decl": {
                    "start": { "line": 20, "column": 26 },
                    "end": { "line": 20, "column": 27 }
                },
                "loc": {
                    "start": { "line": 20, "column": 44 },
                    "end": { "line": 22, "column": 1 }
                },
                "line": 20
            },
            "1": {
                "name": "(anonymous_1)",
                "decl": {
                    "start": { "line": 24, "column": 21 },
                    "end": { "line": 24, "column": 25 }
                },
                "loc": {
                    "start": { "line": 24, "column": 40 },
                    "end": { "line": 26, "column": 1 }
                },
                "line": 24
            },
            "2": {
                "name": "(anonymous_2)",
                "decl": {
                    "start": { "line": 28, "column": 41 },
                    "end": { "line": 28, "column": null }
                },
                "loc": { "start": { "line": 40, "column": 4 }, "end": { "line": 49, "column": 1 } },
                "line": 40
            },
            "3": {
                "name": "(anonymous_3)",
                "decl": {
                    "start": { "line": 41, "column": 11 },
                    "end": { "line": 41, "column": 16 }
                },
                "loc": {
                    "start": { "line": 41, "column": 35 },
                    "end": { "line": 48, "column": 5 }
                },
                "line": 41
            },
            "4": {
                "name": "(anonymous_0)",
                "decl": {
                    "start": { "line": 20, "column": 13 },
                    "end": { "line": 20, "column": 27 }
                },
                "loc": {
                    "start": { "line": 20, "column": 45 },
                    "end": { "line": 22, "column": null }
                },
                "line": 20
            },
            "5": {
                "name": "(anonymous_1)",
                "decl": {
                    "start": { "line": 24, "column": 13 },
                    "end": { "line": 24, "column": 25 }
                },
                "loc": {
                    "start": { "line": 24, "column": 41 },
                    "end": { "line": 26, "column": null }
                },
                "line": 24
            },
            "6": {
                "name": "(anonymous_2)",
                "decl": {
                    "start": { "line": 28, "column": 13 },
                    "end": { "line": 28, "column": null }
                },
                "loc": {
                    "start": { "line": 40, "column": 5 },
                    "end": { "line": 49, "column": null }
                },
                "line": 40
            },
            "7": {
                "name": "(anonymous_3)",
                "decl": {
                    "start": { "line": 41, "column": 11 },
                    "end": { "line": 41, "column": 18 }
                },
                "loc": {
                    "start": { "line": 41, "column": 36 },
                    "end": { "line": 48, "column": null }
                },
                "line": 41
            }
        },
        "branchMap": {
            "0": {
                "loc": {
                    "start": { "line": 29, "column": 4 },
                    "end": { "line": 38, "column": null }
                },
                "type": "default-arg",
                "locations": [
                    { "start": { "line": 29, "column": 46 }, "end": { "line": 38, "column": null } }
                ],
                "line": 29
            },
            "1": {
                "loc": {
                    "start": { "line": 39, "column": 4 },
                    "end": { "line": 39, "column": 30 }
                },
                "type": "default-arg",
                "locations": [
                    { "start": { "line": 39, "column": 21 }, "end": { "line": 39, "column": 30 } }
                ],
                "line": 39
            },
            "2": {
                "loc": {
                    "start": { "line": 43, "column": 8 },
                    "end": { "line": 45, "column": null }
                },
                "type": "if",
                "locations": [
                    { "start": { "line": 43, "column": 8 }, "end": { "line": 45, "column": null } },
                    { "start": {}, "end": {} }
                ],
                "line": 43
            },
            "3": {
                "loc": {
                    "start": { "line": 39, "column": 4 },
                    "end": { "line": 39, "column": null }
                },
                "type": "default-arg",
                "locations": [
                    { "start": { "line": 39, "column": 21 }, "end": { "line": 39, "column": null } }
                ],
                "line": 39
            }
        },
        "s": {
            "0": 14,
            "1": 14,
            "2": 14,
            "3": 14,
            "4": 400,
            "5": 14,
            "6": 810,
            "7": 14,
            "8": 226,
            "9": 400,
            "10": 400,
            "11": 400,
            "12": 0,
            "13": 7,
            "14": 7,
            "15": 7,
            "16": 7,
            "17": 313
        },
        "f": { "0": 200, "1": 405, "2": 113, "3": 313, "4": 200, "5": 405, "6": 113, "7": 313 },
        "b": { "0": [226], "1": [226], "2": [400, 0], "3": [113] },
        "meta": {
            "lastBranch": 3,
            "lastFunction": 4,
            "lastStatement": 13,
            "seen": {
                "s:1:15:1:24": 0,
                "s:8:32:12:Infinity": 1,
                "s:14:32:18:Infinity": 2,
                "s:20:26:22:1": 3,
                "f:20:26:20:27": 0,
                "s:21:4:21:Infinity": 4,
                "s:24:21:26:1": 5,
                "f:24:21:24:25": 1,
                "s:25:4:25:Infinity": 6,
                "s:28:41:49:1": 7,
                "f:28:41:28:Infinity": 2,
                "b:29:46:38:Infinity": 0,
                "b:39:21:39:30": 1,
                "s:41:4:48:Infinity": 8,
                "f:41:11:41:16": 3,
                "s:42:21:42:33": 9,
                "b:43:8:45:Infinity:undefined:undefined:undefined:undefined": 2,
                "s:43:8:45:Infinity": 10,
                "s:44:12:44:Infinity": 11,
                "s:47:8:47:Infinity": 12
            },
            "fnNames": {}
        }
    }
}
